
************************ CDE simulation ************************

- Start date:    14/07/2021
- Start time:    19:25:24

- The input filename is: input                                             

================================================================
                INPUT FILE INTERPRETATION FOLLOWS               
================================================================

- The input filename is: input                                             

# COMMENT: This input file demonstrates a CINEB refinement.                                                    
# COMMENT: We use the quickmin method here, and orca                                                           
# COMMENT: for PES calculations.                                                                               

- Number of images per path:    10
- Temperature (K):       100.000
- Calculation type:  PATH REFINEMENT
- Starting path file:  path.xyz                                          
- Random number seed:     5
- Start from path?:  T

- Aligned atoms for NEB refinements:      1    2    3

# COMMENT: path optimization                                                                                   

- Path refinement method:  CLIMBING-IMAGE NUDGED ELASTIC BAND
- (CI)NEB optimization method:  QUICKMIN
- Maximum number of NEB iteractions:     800
- Climbing-image start criterion (au):      0.00100000
- NEB spring constant:        0.025000
- NEB optimization step-size:       10.000000
- NEB output frequency:       5
- NEB NORM force-convergence criterion (au):      0.00300000
- Reconnect end-points after optimization:  T
- Make variable spring strengths with threshold?:  0.000000
- Strip inactive moleculaes before path optimization?:  T

- Optimize end-points before NEB run:  T
- Optimize end-points during NEB run:  F
- Use graph-restrain potential during NEB:  F

# COMMENT: constraints                                                                                         

- Number of fixed atoms:     0

# COMMENT: PES input                                                                                           

# COMMENT: PES input                                                                                           
- PES type:  lammps
- PES calculation template file:  lmp.head
- PES type for geometry optimization:  lammps
- Geometry optimisation template file:  lmp.min
- PES calculation executable:  '/Users/scott/code/lammps-22Aug18/src/lmp_serial'
- PES geometry optimization executable:  '/Users/scott/code/lammps-22Aug18/src/lmp_serial'


================================================================
                 END OF INPUT FILE INTERPRETATION                   
================================================================

*************** Finished reading input parameters **************

* Starting path optimization...

- Initial path written to initial_path.xyz
*** Stripping inactive molecules from path...
- Stripped initial path written to strip_path.xyz
Warning: Number of molecules changed during optimization!: was:  0 0, is:  2 1
* Starting CINEB calculation...

- NEB force-convergence monitor:  input.nebconv
- NEB energy profile outputs:  input.nebprofile

- Calculating initial energy along path...BEFORE ENDPOINT OPTIMIZATION

# Lambda    |    Energy / Eh  | Relative energy / Eh
     0.00000000    -0.87396774     0.00000000
     1.69174711    -0.71454023     0.15942751
     3.38349423    -0.39315147     0.48081627
     5.07524134     0.04183660     0.91580434
     6.76698845     0.53821480     1.41218255
     8.45873557     0.51990343     1.39387118
    10.15048268     0.00916488     0.88313262
    11.84222979    -0.41023742     0.46373032
    13.53397691    -0.73628215     0.13768560
    15.22572402    -0.92211990    -0.04815215

*** Initial force norms: 
* |Forces| WITHOUT springs   =      0.45874058 au 
* |Forces| WITH springs      =      0.45516971 au 
* Maximum force WITH springs =      1.93992386 au 

* Running QUICKMIN optimization...


*** Optimization progress summary at iteration:      1
* |Forces| WITHOUT springs =        0.45874058 au 
* |Forces| WITH springs =           0.45516971 au 
* Maximum force WITH springs =      1.93992386 au 


*** Optimization progress summary at iteration:      2
* |Forces| WITHOUT springs =        0.39554125 au 
* |Forces| WITH springs =           0.39216434 au 
* Maximum force WITH springs =      1.53583538 au 


*** Optimization progress summary at iteration:      3
* |Forces| WITHOUT springs =        0.30823979 au 
* |Forces| WITH springs =           0.30551614 au 
* Maximum force WITH springs =      0.95593246 au 


*** Optimization progress summary at iteration:      4
* |Forces| WITHOUT springs =        0.22088099 au 
* |Forces| WITH springs =           0.21917772 au 
* Maximum force WITH springs =      0.69389792 au 


*** Optimization progress summary at iteration:      5
* |Forces| WITHOUT springs =        0.19474638 au 
* |Forces| WITH springs =           0.19398037 au 
* Maximum force WITH springs =      0.82619666 au 


*** Current path output: ITERATION =     5 :: OUTPUT FILE = input_0005.xyz


*** Optimization progress summary at iteration:      6
* |Forces| WITHOUT springs =        0.19300570 au 
* |Forces| WITH springs =           0.19277598 au 
* Maximum force WITH springs =      1.02309873 au 


*** Optimization progress summary at iteration:      7
* |Forces| WITHOUT springs =        0.14649571 au 
* |Forces| WITH springs =           0.14633271 au 
* Maximum force WITH springs =      0.99137014 au 


*** Optimization progress summary at iteration:      8
* |Forces| WITHOUT springs =        0.14195984 au 
* |Forces| WITH springs =           0.14179470 au 
* Maximum force WITH springs =      0.99100538 au 


*** Optimization progress summary at iteration:      9
* |Forces| WITHOUT springs =        0.14590283 au 
* |Forces| WITH springs =           0.14575087 au 
* Maximum force WITH springs =      1.09624771 au 


*** Optimization progress summary at iteration:     10
* |Forces| WITHOUT springs =        0.15650377 au 
* |Forces| WITH springs =           0.15635486 au 
* Maximum force WITH springs =      1.23357556 au 


*** Current path output: ITERATION =    10 :: OUTPUT FILE = input_0010.xyz


*** Optimization progress summary at iteration:     11
* |Forces| WITHOUT springs =        0.11999187 au 
* |Forces| WITH springs =           0.11985969 au 
* Maximum force WITH springs =      0.91025227 au 


*** Optimization progress summary at iteration:     12
* |Forces| WITHOUT springs =        0.06711785 au 
* |Forces| WITH springs =           0.06689426 au 
* Maximum force WITH springs =      0.29820311 au 


*** Optimization progress summary at iteration:     13
* |Forces| WITHOUT springs =        0.06050995 au 
* |Forces| WITH springs =           0.06028352 au 
* Maximum force WITH springs =      0.28064728 au 


*** Optimization progress summary at iteration:     14
* |Forces| WITHOUT springs =        0.05488503 au 
* |Forces| WITH springs =           0.05466841 au 
* Maximum force WITH springs =      0.26090652 au 


*** Optimization progress summary at iteration:     15
* |Forces| WITHOUT springs =        0.05011428 au 
* |Forces| WITH springs =           0.04991002 au 
* Maximum force WITH springs =      0.23954928 au 


*** Current path output: ITERATION =    15 :: OUTPUT FILE = input_0015.xyz


*** Optimization progress summary at iteration:     16
* |Forces| WITHOUT springs =        0.04522568 au 
* |Forces| WITH springs =           0.04502828 au 
* Maximum force WITH springs =      0.21635073 au 


*** Optimization progress summary at iteration:     17
* |Forces| WITHOUT springs =        0.03934499 au 
* |Forces| WITH springs =           0.03914460 au 
* Maximum force WITH springs =      0.19453815 au 


*** Optimization progress summary at iteration:     18
* |Forces| WITHOUT springs =        0.03462233 au 
* |Forces| WITH springs =           0.03441702 au 
* Maximum force WITH springs =      0.17348068 au 


*** Optimization progress summary at iteration:     19
* |Forces| WITHOUT springs =        0.02999357 au 
* |Forces| WITH springs =           0.02977059 au 
* Maximum force WITH springs =      0.15293779 au 


*** Optimization progress summary at iteration:     20
* |Forces| WITHOUT springs =        0.02607578 au 
* |Forces| WITH springs =           0.02584585 au 
* Maximum force WITH springs =      0.13259064 au 


*** Current path output: ITERATION =    20 :: OUTPUT FILE = input_0020.xyz


*** Optimization progress summary at iteration:     21
* |Forces| WITHOUT springs =        0.02235151 au 
* |Forces| WITH springs =           0.02211304 au 
* Maximum force WITH springs =      0.11268472 au 


*** Optimization progress summary at iteration:     22
* |Forces| WITHOUT springs =        0.01883310 au 
* |Forces| WITH springs =           0.01858444 au 
* Maximum force WITH springs =      0.09348531 au 


*** Optimization progress summary at iteration:     23
* |Forces| WITHOUT springs =        0.01561724 au 
* |Forces| WITH springs =           0.01535144 au 
* Maximum force WITH springs =      0.07521379 au 


*** Optimization progress summary at iteration:     24
* |Forces| WITHOUT springs =        0.01280915 au 
* |Forces| WITH springs =           0.01252299 au 
* Maximum force WITH springs =      0.05818470 au 


*** Optimization progress summary at iteration:     25
* |Forces| WITHOUT springs =        0.01053400 au 
* |Forces| WITH springs =           0.01022736 au 
* Maximum force WITH springs =      0.04281083 au 


*** Current path output: ITERATION =    25 :: OUTPUT FILE = input_0025.xyz


*** Optimization progress summary at iteration:     26
* |Forces| WITHOUT springs =        0.00892017 au 
* |Forces| WITH springs =           0.00860528 au 
* Maximum force WITH springs =      0.03882438 au 


*** Optimization progress summary at iteration:     27
* |Forces| WITHOUT springs =        0.00783196 au 
* |Forces| WITH springs =           0.00751642 au 
* Maximum force WITH springs =      0.03646261 au 


*** Optimization progress summary at iteration:     28
* |Forces| WITHOUT springs =        0.00719595 au 
* |Forces| WITH springs =           0.00689187 au 
* Maximum force WITH springs =      0.03413289 au 


*** Optimization progress summary at iteration:     29
* |Forces| WITHOUT springs =        0.00812963 au 
* |Forces| WITH springs =           0.00788456 au 
* Maximum force WITH springs =      0.04275665 au 


*** Optimization progress summary at iteration:     30
* |Forces| WITHOUT springs =        0.00954672 au 
* |Forces| WITH springs =           0.00936102 au 
* Maximum force WITH springs =      0.04469849 au 


*** Current path output: ITERATION =    30 :: OUTPUT FILE = input_0030.xyz


*** Optimization progress summary at iteration:     31
* |Forces| WITHOUT springs =        0.00928785 au 
* |Forces| WITH springs =           0.00911670 au 
* Maximum force WITH springs =      0.04470970 au 


*** Optimization progress summary at iteration:     32
* |Forces| WITHOUT springs =        0.00888350 au 
* |Forces| WITH springs =           0.00872241 au 
* Maximum force WITH springs =      0.04350480 au 


*** Optimization progress summary at iteration:     33
* |Forces| WITHOUT springs =        0.00832795 au 
* |Forces| WITH springs =           0.00817204 au 
* Maximum force WITH springs =      0.04111181 au 


*** Optimization progress summary at iteration:     34
* |Forces| WITHOUT springs =        0.00774785 au 
* |Forces| WITH springs =           0.00768996 au 
* Maximum force WITH springs =      0.03762185 au 

