
************************ CDE simulation ************************

- Start date:    14/07/2021
- Start time:    19:28:58

- The input filename is: input                                             

================================================================
                INPUT FILE INTERPRETATION FOLLOWS               
================================================================

- The input filename is: input                                             

# COMMENT: Test input file                                                                                     

- PES geometry optimization after graph move?:  F
- Calculation type:  REACTION-PATH FINDER
- Number of images per path:    10
- Start-point structure file:  start.xyz                                         
- End-point structure file:  end.xyz                                           
- Random number seed:     1

# COMMENT: path optimization                                                                                   
- Using NEB projected forces of type:   3
- (CI)NEB optimization method:  QUICKMIN
- Maximum number of NEB iteractions:    1000
- Climbing-image start criterion (au):      0.00010000
- NEB spring constant:        0.100000
- NEB optimization step-size:       10.000000
- NEB output frequency:       5
- NEB NORM force-convergence criterion (au):      0.00010000

# COMMENT: constraints                                                                                         
- Number of fixed DOFs:     0
- Number of fixed atoms:     7
- Atom    1 is fixed! 
- Atom    2 is fixed! 
- Atom    3 is fixed! 
- Atom    4 is fixed! 
- Atom    5 is fixed! 
- Atom    6 is fixed! 
- Atom    7 is fixed! 

- Essential atom range:     1 -    7

# COMMENT: PES input                                                                                           
- PES type:  lammps
- PES calculation template file:  lmp.head
- PES type for geometry optimization:  lammps
- Geometry optimisation template file:  lmp.min
- PES calculation executable:  '/Users/scott/code/lammps-22Aug18/src/lmp_serial'
- PES geometry optimization executable:  '/Users/scott/code/lammps-22Aug18/src/lmp_serial'

# COMMENT: Graph-driven sampling (GDS) control - by default, everything inactive!                              
- Graph-moves file:  moves.in                                          
- GDS attempt probability:      0.50000000
- Spring constant for inter-bead springs:      0.02000000
- Spring constant for bonded-graph restraints:      0.05000000
- Strength of non-bonded exponential graph restraints:      0.03000000
- Range of non-bonded exponential graph restraints:      2.20000000
- Spring constant for intermolecular repulsion restraints:      0.05000000
- Number of SD steps after GDS graph move:     7000
- GDS SD relaxation step-size:      0.10000000

# COMMENT: Chemical constraints.                                                                               
- Number of valence range constraints:     3
- Valence range constraint:    1 Pt    2   12
- Valence range constraint:    2 O     1    2
- Valence range constraint:    3 C     1    4

- Number of reactive atom types:     3
- Reactive atom labels:  Co
- Reactive atom labels:  C 
- Reactive atom labels:  O 


- Number of reactive valence constraints:     0

- Fixed bonds for GDS:
- Bonds are fixed for atom types:  Pt - Pt

- Number of allowed bonding constraints:     0

# COMMENT: Pathfinder calculation setup parameters.                                                            
- Number of reactions in sampled strings for pathfinder:    10
- Number of MC steps in pathfinder calculation::  1000000
- Initial temperature for pathfinder (in K):      0.8000E+06
- Maximum number of mechanism moves in pathfinder calculation::        1
- Pathfinding function type: Histogram-based comparison

================================================================
                 END OF INPUT FILE INTERPRETATION                   
================================================================

*************** Finished reading input parameters **************

* Starting double-ended mechanism-finding calculation...

* Running pathfinder calculation....

* Optimization function information will be printed to mcopt.dat

* Reading reactant structure...

================================================================
# Graph Info for CXS:  Reactant structure

* Bonded atoms *
 Pt1   - Pt2  
 Pt1   - Pt3  
 Pt1   - Pt4  
 Pt1   - Pt5  
 Pt1   - Pt7  
 Pt2   - Pt3  
 Pt2   - Pt6  
 Pt3   - Pt4  
 Pt3   - Pt5  
 Pt3   - Pt6  
 Pt4   - Pt5  
 Pt5   - Pt7  
 Pt6   - Pt7  
 O 8   - O 9  
 C 10  - O 12 
 C 11  - O 13 

* Atomic valencies *
 Pt1    :    5
 Pt2    :    3
 Pt3    :    5
 Pt4    :    3
 Pt5    :    4
 Pt6    :    3
 Pt7    :    3
 O 8    :    1
 O 9    :    1
 C 10   :    1
 C 11   :    1
 O 12   :    1
 O 13   :    1

================================================================

* Reading product structure...

================================================================
# Graph Info for CXS:  Product structure

* Bonded atoms *
 Pt1   - Pt2  
 Pt1   - Pt3  
 Pt1   - Pt4  
 Pt1   - Pt5  
 Pt1   - Pt7  
 Pt2   - Pt3  
 Pt2   - Pt6  
 Pt3   - Pt4  
 Pt3   - Pt5  
 Pt3   - Pt6  
 Pt4   - Pt5  
 Pt5   - Pt7  
 Pt6   - Pt7  
 O 8   - C 10 
 O 9   - C 11 
 C 10  - O 12 
 C 11  - O 13 

* Atomic valencies *
 Pt1    :    5
 Pt2    :    3
 Pt3    :    5
 Pt4    :    3
 Pt5    :    4
 Pt6    :    3
 Pt7    :    3
 O 8    :    1
 O 9    :    1
 C 10   :    2
 C 11   :    2
 O 12   :    1
 O 13   :    1

================================================================

* Reading graph moves file...
* Graph moves input file: moves.in

================================================================
              MOVE FILE INTERPRETATION FOLLOWS...               
================================================================

 # Contains the graph-moves library...
                                                                                                                                                                                                         
*** Graph move number:    1 ***

- Number of atoms:    2
- Bond-changing move detected 
- Start graph: 
           0           1
           1           0
- End graph: 
           0           0
           0           0
- Allowed atom labels: *   
- Allowed atom labels: *   
                                                                                                                                                                                                         
*** Graph move number:    2 ***

- Number of atoms:    2
- Bond-changing move detected 
- Start graph: 
           0           0
           0           0
- End graph: 
           0           1
           1           0
- Allowed atom labels: *   
- Allowed atom labels: *   
                                                                                                                                                                                                         
*** Graph move number:    3 ***

- Number of atoms:    3
- Bond-changing move detected 
- Start graph: 
           0           0           1
           0           0           1
           1           1           0
- End graph: 
           0           1           0
           1           0           0
           0           0           0
- Allowed atom labels: *   
- Allowed atom labels: *   
- Allowed atom labels: *   
                                                                                                                                                                                                         
*** Graph move number:    4 ***

- Number of atoms:    3
- Bond-changing move detected 
- Start graph: 
           0           1           0
           1           0           0
           0           0           0
- End graph: 
           0           0           1
           0           0           1
           1           1           0
- Allowed atom labels: *   
- Allowed atom labels: *   
- Allowed atom labels: *   
                                                                                                                                                                                                         
================================================================
                MOVE FILE INTERPRETATION COMPLETE               
================================================================

* Finished reading graph moves file...

* Setting all initial moves to null...

* Initial Graph Error =     24.00000

* Initial Total Error =     24.00000

*** Starting reaction-path search ***

================================================================
            SUCCESSFULLY LOCATED ZERO_ERROR MECHANISM           
================================================================


* Checking when target molecule is created...trimming path...

- Reaction:    1: GraphError =       26.00000000
- Reaction:    2: GraphError =       12.00000000
- Reaction:    3: GraphError =       18.00000000
- Reaction:    4: GraphError =       18.00000000
- Reaction:    5: GraphError =       20.00000000
- Reaction:    6: GraphError =        8.00000000
- Reaction:    7: GraphError =        4.00000000
- Reaction:    8: GraphError =        8.00000000
- Reaction:    9: GraphError =        4.00000000
- Reaction:   10: GraphError =        0.00000000

* TARGET FOUND AFTER REACTION  10
* Setting remainder of reactions to null moves...

* Successfully finished path trimming....

*********  Molecular analysis of final reaction-string  ********

======== Start-point molecules ========

- Molecule number:      1
- Chemical formula:   Pt7                 

- Molecule number:      2
- Chemical formula:   O2                  

- Molecule number:      3
- Chemical formula:   O1C1                

- Molecule number:      4
- Chemical formula:   O1C1                

=== Reaction number:      1

- Selected move number:      4

 - Atom numbers:            9           8           5
- Molecule number:      1
- Chemical formula:   Pt7O2               

- Molecule number:      2
- Chemical formula:   O1C1                

- Molecule number:      3
- Chemical formula:   O1C1                

=== Reaction number:      2

- Selected move number:      4

 - Atom numbers:            5           9          10
- Molecule number:      1
- Chemical formula:   Pt7O3C1             

- Molecule number:      2
- Chemical formula:   O1C1                

=== Reaction number:      3

- Selected move number:      2

 - Atom numbers:            3           8
- Molecule number:      1
- Chemical formula:   Pt7O3C1             

- Molecule number:      2
- Chemical formula:   O1C1                

=== Reaction number:      4

- Selected move number:      0

 - Atom numbers: 
- Molecule number:      1
- Chemical formula:   Pt7O3C1             

- Molecule number:      2
- Chemical formula:   O1C1                

=== Reaction number:      5

- Selected move number:      4

 - Atom numbers:            8           3          11
- Molecule number:      1
- Chemical formula:   Pt7O4C2             

=== Reaction number:      6

- Selected move number:      1

 - Atom numbers:            5          10
- Molecule number:      1
- Chemical formula:   Pt7O2C1             

- Molecule number:      2
- Chemical formula:   O2C1                

=== Reaction number:      7

- Selected move number:      1

 - Atom numbers:            5           8
- Molecule number:      1
- Chemical formula:   Pt7O2C1             

- Molecule number:      2
- Chemical formula:   O2C1                

=== Reaction number:      8

- Selected move number:      2

 - Atom numbers:            9           2
- Molecule number:      1
- Chemical formula:   Pt7O4C2             

=== Reaction number:      9

- Selected move number:      1

 - Atom numbers:            9           2
- Molecule number:      1
- Chemical formula:   Pt7O2C1             

- Molecule number:      2
- Chemical formula:   O2C1                

=== Reaction number:     10

- Selected move number:      1

 - Atom numbers:            3          11
- Molecule number:      1
- Chemical formula:   Pt7                 

- Molecule number:      2
- Chemical formula:   O2C1                

- Molecule number:      3
- Chemical formula:   O2C1                

======== End-point molecules ========

- Molecule number:      1
- Chemical formula:   Pt7                 

- Molecule number:      2
- Chemical formula:   O2C1                

- Molecule number:      3
- Chemical formula:   O2C1                

********  Molecular analysis of reaction-string complete *******

* Generating structures from connectivity matrices...

* Reaction end-points printed to final_path.xyz

* Finished structure generation.

* Reaction paths printed to final_path_rx_*.xyz
 * Maximum barrier =   -2625499630.0000000      kJ/mol
 * Barrier sum =    0.0000000000000000      au

================================================================
                     CALCULATION COMPLETE                       
================================================================

