
************************ CDE simulation ************************

- Start date:    19/02/2022
- Start time:    11:14:28

- The input filename is: input                                             

================================================================
                INPUT FILE INTERPRETATION FOLLOWS               
================================================================

- The input filename is: input                                             

# COMMENT: comment line                                                                                        
- Calculation type:  REACTION-PATH FINDER
- Minimum allowed molecular charge:     0
- Maximum allowed molecular charge:     0
- Maximum number of charged molecules allowed at any step:     0
- Maximum allowed molecular charge:     0
- Maximum total system charge:     0
- PES geometry optimization after graph move?:  T
- PES evaluations for INDEPENDENT MOLECULES being used...
- Number of images per path:     8
- Start-point structure file:  start.xyz                                         
- End-point structure file:  end.xyz                                           
- IDPP interpolation :  T

- Path refinement method:  CLIMBING-IMAGE NUDGED ELASTIC BAND
- (CI)NEB optimization method:  QUICKMIN
- Maximum number of NEB iteractions:     500
- Climbing-image start criterion (au):      0.00050000
- NEB spring constant:        0.050000
- NEB optimization step-size:       10.000000
- NEB output frequency:       5
- Strip inactive moleculaes before path optimization?:  T
- Optimize end-points before NEB run:  T
- Optimize end-points during NEB run:  F
- Use graph-restrain potential during NEB:  F

- Number of fixed DOFs:     0
- Number of fixed atoms:     0

- PES type:  orca
- PES calculation template file:  orca.head
- PES type for geometry optimization:  orca
- Geometry optimisation template file:  orca.min
- PES calculation executable:  '/Users/scott/programs/orca/orca'
- PES geometry optimization executable:  '/Users/scott/programs/orca/orca'

- Graph-moves file:  moves.in                                          
- GDS attempt probability:      0.50000000
- Spring constant for inter-bead springs:      0.05000000
- Spring constant for bonded-graph restraints:      0.05000000
- Strength of non-bonded exponential graph restraints:      0.04000000
- Range of non-bonded exponential graph restraints:      2.50000000
- Spring constant for intermolecular repulsion restraints:      0.05000000
- Number of SD steps after GDS graph move:    10000
- GDS SD relaxation step-size:      0.10000000
- GDS output frequency:       10

- Number of valence range constraints:     2
- Valence range constraint:    1 C     1    4
- Valence range constraint:    2 H     0    1

- Number of reactive atom types:     2
- Reactive atom labels:  C 
- Reactive atom labels:  H 


- Number of reactive valence constraints:     0

- Fixed bonds for GDS:

- Number of allowed bonding constraints:     0

- Number of reactions in sampled strings for pathfinder:     6
- Number of MC steps in pathfinder calculation::  1000000
- Initial temperature for pathfinder (in K):      0.5000E+05
- Pathfinding function type: Eigenvalue comparison for single molecule
- Random number seed:     4

================================================================
                 END OF INPUT FILE INTERPRETATION                   
================================================================

*************** Finished reading input parameters **************

* Starting double-ended mechanism-finding calculation...

* Running pathfinder calculation....

* Optimization function information will be printed to mcopt.dat

* Reading reactant structure...

================================================================
# Graph Info for CXS:  Reactant structure

* Bonded atoms *
 C 1   - O 2  
 H 3   - H 4  

* Atomic valencies *
 C 1    :    1
 O 2    :    1
 H 3    :    1
 H 4    :    1

================================================================

* Reading product structure...

================================================================
# Graph Info for CXS:  Product structure

* Bonded atoms *
 C 1   - O 2  
 C 1   - H 3  
 C 1   - H 4  

* Atomic valencies *
 C 1    :    3
 O 2    :    1
 H 3    :    1
 H 4    :    1

================================================================

* Reading graph moves file...
* Graph moves input file: moves.in

================================================================
              MOVE FILE INTERPRETATION FOLLOWS...               
================================================================

 # Contains the graph-moves library...
                                                                                                                                                                                                         
*** Graph move number:    1 ***

- Number of atoms:    2
- Bond-changing move detected 
- Start graph: 
           0           1
           1           0
- End graph: 
           0           0
           0           0
- Allowed atom labels: *   
- Allowed atom labels: *   
                                                                                                                                                                                                         
*** Graph move number:    2 ***

- Number of atoms:    2
- Bond-changing move detected 
- Start graph: 
           0           0
           0           0
- End graph: 
           0           1
           1           0
- Allowed atom labels: *   
- Allowed atom labels: *   
                                                                                                                                                                                                         
*** Graph move number:    3 ***

- Number of atoms:    3
- Bond-changing move detected 
- Start graph: 
           0           0           1
           0           0           1
           1           1           0
- End graph: 
           0           1           0
           1           0           0
           0           0           0
- Allowed atom labels: *   
- Allowed atom labels: *   
- Allowed atom labels: *   
                                                                                                                                                                                                         
*** Graph move number:    4 ***

- Number of atoms:    3
- Bond-changing move detected 
- Start graph: 
           0           1           0
           1           0           0
           0           0           0
- End graph: 
           0           0           1
           0           0           1
           1           1           0
- Allowed atom labels: *   
- Allowed atom labels: *   
- Allowed atom labels: *   
                                                                                                                                                                                                         
*** Graph move number:    5 ***

- Number of atoms:    3
- Bond-changing move detected 
- Start graph: 
           0           0           1
           0           0           0
           1           0           0
- End graph: 
           0           1           0
           1           0           0
           0           0           0
- Allowed atom labels: *   
- Allowed atom labels: *   
- Allowed atom labels: *   
                                                                                                                                                                                                         
*** Graph move number:    6 ***

- Number of atoms:    3
- Bond-changing move detected 
- Start graph: 
           0           1           0
           1           0           0
           0           0           0
- End graph: 
           0           0           1
           0           0           0
           1           0           0
- Allowed atom labels: *   
- Allowed atom labels: *   
- Allowed atom labels: *   
                                                                                                                                                                                                         
*** Graph move number:    7 ***

- Number of atoms:    3
- Bond-changing move detected 
- Start graph: 
           0           1           0
           1           0           1
           0           1           0
- End graph: 
           0           1           1
           1           0           0
           1           0           0
- Allowed atom labels: *   
- Allowed atom labels: *   
- Allowed atom labels: *   
                                                                                                                                                                                                         
*** Graph move number:    8 ***

- Number of atoms:    4
- Bond-changing move detected 
- Start graph: 
           0           1           0           0
           1           0           1           0
           0           1           0           1
           0           0           1           0
- End graph: 
           0           1           0           1
           1           0           1           0
           0           1           0           0
           1           0           0           0
- Allowed atom labels: *   
- Allowed atom labels: *   
- Allowed atom labels: *   
- Allowed atom labels: *   
                                                                                                                                                                                                         
*** Graph move number:    9 ***

- Number of atoms:    4
- Bond-changing move detected 
- Start graph: 
           0           1           0           0
           1           0           0           0
           0           0           0           1
           0           0           1           0
- End graph: 
           0           0           1           0
           0           0           0           1
           1           0           0           1
           0           1           1           0
- Allowed atom labels: *   
- Allowed atom labels: *   
- Allowed atom labels: *   
- Allowed atom labels: *   
                                                                                                                                                                                                         
                                                                                                                                                                                                         
*** Graph move number:   10 ***

- Number of atoms:    4
- Bond-changing move detected 
- Start graph: 
           0           0           1           0
           0           0           0           1
           1           0           0           1
           0           1           1           0
- End graph: 
           0           1           0           0
           1           0           0           0
           0           0           0           1
           0           0           1           0
- Allowed atom labels: *   
- Allowed atom labels: *   
- Allowed atom labels: *   
- Allowed atom labels: *   
                                                                                                                                                                                                         
                                                                                                                                                                                                         
*** Graph move number:   11 ***

- Number of atoms:    4
- Bond-changing move detected 
- Start graph: 
           0           1           0           0
           1           0           0           0
           0           0           0           0
           0           0           0           0
- End graph: 
           0           0           1           0
           0           0           0           1
           1           0           0           0
           0           1           0           0
- Allowed atom labels: *   
- Allowed atom labels: *   
- Allowed atom labels: *   
- Allowed atom labels: *   
                                                                                                                                                                                                         
                                                                                                                                                                                                         
*** Graph move number:   12 ***

- Number of atoms:    4
- Bond-changing move detected 
- Start graph: 
           0           0           1           0
           0           0           0           1
           1           0           0           0
           0           1           0           0
- End graph: 
           0           1           0           0
           1           0           0           0
           0           0           0           0
           0           0           0           0
- Allowed atom labels: *   
- Allowed atom labels: *   
- Allowed atom labels: *   
- Allowed atom labels: *   
                                                                                                                                                                                                         
                                                                                                                                                                                                         
                                                                                                                                                                                                         
                                                                                                                                                                                                         
                                                                                                                                                                                                         
                                                                                                                                                                                                         
                                                                                                                                                                                                         
                                                                                                                                                                                                         
                                                                                                                                                                                                         
================================================================
                MOVE FILE INTERPRETATION COMPLETE               
================================================================

* Finished reading graph moves file...

* Setting all initial moves to null...

* Initial Graph Error =      5.21147

* Initial Total Error =      5.21147

*** Starting reaction-path search ***

================================================================
            SUCCESSFULLY LOCATED ZERO_ERROR MECHANISM           
================================================================


* Checking when target molecule is created...trimming path...

- Reaction:    1: GraphError =        5.21146548
- Reaction:    2: GraphError =        5.21146548
- Reaction:    3: GraphError =        2.04477862
- Reaction:    4: GraphError =        2.04477862
- Reaction:    5: GraphError =        0.00000000

* TARGET FOUND AFTER REACTION   5
* Setting remainder of reactions to null moves...

* Successfully finished path trimming....

*********  Molecular analysis of final reaction-string  ********

======== Start-point molecules ========

- Molecule number:      1
- Chemical formula:   O1C1                

- Molecule number:      2
- Chemical formula:   H2                  

=== Reaction number:      1

- Selected move number:      0

 - Atom numbers: 
- Molecule number:      1
- Chemical formula:   O1C1                

- Molecule number:      2
- Chemical formula:   H2                  

=== Reaction number:      2

- Selected move number:      0

 - Atom numbers: 
- Molecule number:      1
- Chemical formula:   O1C1                

- Molecule number:      2
- Chemical formula:   H2                  

=== Reaction number:      3

- Selected move number:      9

 - Atom numbers:            4           3           1           2
- Molecule number:      1
- Chemical formula:   H2O1C1              

=== Reaction number:      4

- Selected move number:      0

 - Atom numbers: 
- Molecule number:      1
- Chemical formula:   H2O1C1              

=== Reaction number:      5

- Selected move number:      7

 - Atom numbers:            1           2           3
- Molecule number:      1
- Chemical formula:   H2O1C1              

=== Reaction number:      6

- Selected move number:      0

 - Atom numbers: 
- Molecule number:      1
- Chemical formula:   H2O1C1              

======== End-point molecules ========

- Molecule number:      1
- Chemical formula:   H2O1C1              

********  Molecular analysis of reaction-string complete *******

* Generating structures from connectivity matrices...

* Reaction end-points printed to final_path.xyz

* Finished structure generation.

===============        ENERGY INFORMATION         ===============

* Initial energy =      -7.10453642  Eh
* Reaction #    1 :  dE =      -0.00000018
* Reaction #    2 :  dE =       0.00000000
* Reaction #    3 :  dE =      21.93338589
* Reaction #    4 :  dE =       0.00001139
* Reaction #    5 :  dE =    -208.63706368
* Reaction #    6 :  dE =       0.00000352

* Final Q-value (NOT averaged over non-zero rxns) =      230.57046467  kJ/mol


* Number of non-zero reactions =     2  kJ/mol


* Final Q-value (averaged over non-zero rxns) =      115.28522479  kJ/mol


* Maximum dE =      208.63706368  kJ/mol

================================================================

* Reaction paths printed to final_path_rx_*.xyz
* |Forces| < NEBconv :: IDPP NEB CONVERGED, Iter =     1
* |Forces| < NEBconv :: IDPP NEB CONVERGED, Iter =     1
 * Maximum barrier =   -2625499630.0000000      kJ/mol
 * Barrier sum =    0.0000000000000000      au

================================================================


* Adjusting paths to focus on target formation...

* Target found in reaction:     5
* Molecule ID of target is:     1
=============== ADJUSTED ENERGY INFORMATION ===============

- REACTION NUMBER:     1

* Reaction Energy change (au,au,kJ/mol):   1    0.00000000    0.00000000    0.00000000

- REACTION NUMBER:     2

* Reaction Energy change (au,au,kJ/mol):   2    0.00000000    0.00000000    0.00000000

- REACTION NUMBER:     3

 - REACTANT:           1  -6.1218502457500001      O1C1                
 - REACTANT:           2 -0.98268617486999998      H2                  
 + PRODUCT:           1  -7.0961824351000002      H2O1C1              
* Reaction Energy change (au,au,kJ/mol):   3   -7.10453642   -7.09618244   21.93338589
*** BARRIER REACTION DETECTED ***

- REACTION NUMBER:     4

* Reaction Energy change (au,au,kJ/mol):   4    0.00000000    0.00000000    0.00000000
*** BARRIER REACTION DETECTED ***

- REACTION NUMBER:     5

 - REACTANT:           1  -7.0961824307599999      H2O1C1              
 + PRODUCT:           1  -7.1756480918100003      H2O1C1              
* Reaction Energy change (au,au,kJ/mol):   5   -7.09618243   -7.17564809 -208.63706368

* ADJUSTED Final Q-value (NOT averaged over non-zero rxns) =      230.57044958  kJ/mol


* ADJUSTED Number of non-zero reactions =     2  kJ/mol


* ADJUSTED Final Q-value (averaged over non-zero rxns) =      115.28522479  kJ/mol


* ADJUSTED Maximum dE =      208.63706368  kJ/mol


* Is it barrierless?  F

================================================================


================================================================
                     CALCULATION COMPLETE                       
================================================================

