\BOOKMARK [0][-]{chapter.1}{\376\377\0001\000\040\000C\000D\000E\000:\000\040\000C\000h\000e\000m\000i\000c\000a\000l\000\040\000d\000i\000s\000c\000o\000v\000e\000r\000y\000\040\000e\000n\000g\000i\000n\000e}{}% 1
\BOOKMARK [0][-]{chapter.2}{\376\377\0002\000\040\000S\000e\000t\000t\000i\000n\000g\000\040\000u\000p\000\040\000C\000D\000E}{}% 2
\BOOKMARK [1][-]{section.2.1}{\376\377\0002\000.\0001\000\040\000O\000r\000g\000a\000n\000i\000z\000a\000t\000i\000o\000n\000\040\000o\000f\000\040\000C\000D\000E}{chapter.2}% 3
\BOOKMARK [1][-]{section.2.2}{\376\377\0002\000.\0002\000\040\000C\000o\000m\000p\000i\000l\000i\000n\000g\000\040\000C\000D\000E}{chapter.2}% 4
\BOOKMARK [1][-]{section.2.3}{\376\377\0002\000.\0003\000\040\000R\000u\000n\000n\000i\000n\000g\000\040\000C\000D\000E}{chapter.2}% 5
\BOOKMARK [1][-]{section.2.4}{\376\377\0002\000.\0004\000\040\000A\000d\000d\000i\000n\000g\000\040\000a\000n\000\040\000a\000l\000i\000a\000s\000\040\000t\000o\000\040\000y\000o\000u\000r\000\040\000e\000n\000v\000i\000r\000o\000n\000m\000e\000n\000t}{chapter.2}% 6
\BOOKMARK [0][-]{chapter.3}{\376\377\0003\000\040\000E\000x\000a\000m\000p\000l\000e\000\040\000i\000n\000p\000u\000t\000\040\000f\000i\000l\000e\000\040\000f\000o\000r\000\040\000C\000D\000E}{}% 7
\BOOKMARK [0][-]{chapter.4}{\376\377\0004\000\040\000A\000n\000n\000o\000t\000a\000t\000e\000d\000\040\000i\000n\000p\000u\000t\000\040\000f\000i\000l\000e\000\040\000d\000e\000s\000c\000r\000i\000p\000t\000i\000o\000n}{}% 8
\BOOKMARK [1][-]{section.4.1}{\376\377\0004\000.\0001\000\040\000M\000a\000i\000n\000\040\000i\000n\000p\000u\000t\000\040\000p\000a\000r\000a\000m\000e\000t\000e\000r\000s}{chapter.4}% 9
\BOOKMARK [1][-]{section.4.2}{\376\377\0004\000.\0002\000\040\000P\000a\000t\000h\000\040\000o\000p\000t\000i\000m\000i\000z\000a\000t\000i\000o\000n\000\040\000c\000o\000n\000t\000r\000o\000l}{chapter.4}% 10
\BOOKMARK [1][-]{section.4.3}{\376\377\0004\000.\0003\000\040\000C\000o\000n\000s\000t\000r\000a\000i\000n\000t\000s\000\040\000c\000o\000n\000t\000r\000o\000l}{chapter.4}% 11
\BOOKMARK [1][-]{section.4.4}{\376\377\0004\000.\0004\000\040\000P\000E\000S\000\040\000c\000o\000n\000t\000r\000o\000l}{chapter.4}% 12
\BOOKMARK [1][-]{section.4.5}{\376\377\0004\000.\0005\000\040\000G\000r\000a\000p\000h\000-\000r\000e\000s\000t\000r\000a\000i\000n\000t\000\040\000p\000o\000t\000e\000n\000t\000i\000a\000l\000\040\000c\000o\000n\000t\000r\000o\000l}{chapter.4}% 13
\BOOKMARK [1][-]{section.4.6}{\376\377\0004\000.\0006\000\040\000P\000a\000t\000h\000-\000f\000i\000n\000d\000i\000n\000g\000\040\000c\000o\000n\000t\000r\000o\000l\000s}{chapter.4}% 14
\BOOKMARK [0][-]{chapter.5}{\376\377\0005\000\040\000I\000/\000O\000\040\000s\000t\000r\000u\000c\000t\000u\000r\000e\000\040\000f\000o\000r\000m\000a\000t\000s}{}% 15
\BOOKMARK [0][-]{chapter.6}{\376\377\0006\000\040\000P\000E\000S\000\040\000e\000v\000a\000l\000u\000a\000t\000i\000o\000n\000s}{}% 16
\BOOKMARK [1][-]{section.6.1}{\376\377\0006\000.\0001\000\040\000P\000E\000S\000\040\000t\000y\000p\000e\000s}{chapter.6}% 17
\BOOKMARK [1][-]{section.6.2}{\376\377\0006\000.\0002\000\040\000P\000E\000S\000\040\000a\000n\000d\000\040\000g\000e\000o\000m\000e\000t\000r\000y\000\040\000o\000p\000t\000i\000m\000i\000z\000a\000t\000i\000o\000n\000\040\000e\000x\000e\000c\000u\000t\000a\000b\000l\000e\000s}{chapter.6}% 18
\BOOKMARK [1][-]{section.6.3}{\376\377\0006\000.\0003\000\040\000P\000E\000S\000\040\000t\000e\000m\000p\000l\000a\000t\000e\000\040\000f\000i\000l\000e\000s}{chapter.6}% 19
\BOOKMARK [0][-]{chapter.7}{\376\377\0007\000\040\000P\000E\000S\000\040\000t\000e\000m\000p\000l\000a\000t\000e\000s}{}% 20
\BOOKMARK [1][-]{section.7.1}{\376\377\0007\000.\0001\000\040\000O\000R\000C\000A\000\040\000e\000x\000a\000m\000p\000l\000e\000s}{chapter.7}% 21
\BOOKMARK [1][-]{section.7.2}{\376\377\0007\000.\0002\000\040\000D\000F\000T\000B\000+\000\040\000e\000x\000a\000m\000p\000l\000e}{chapter.7}% 22
\BOOKMARK [1][-]{section.7.3}{\376\377\0007\000.\0003\000\040\000P\000s\000i\000-\0004\000\040\000e\000x\000a\000m\000p\000l\000e}{chapter.7}% 23
\BOOKMARK [1][-]{section.7.4}{\376\377\0007\000.\0004\000\040\000L\000A\000M\000M\000P\000S\000/\000R\000e\000a\000x\000F\000F\000\040\000e\000x\000a\000m\000p\000l\000e}{chapter.7}% 24
\BOOKMARK [0][-]{chapter.8}{\376\377\0008\000\040\000F\000o\000r\000b\000i\000d\000-\000f\000i\000l\000e\000\040\000e\000x\000a\000m\000p\000l\000e}{}% 25
\BOOKMARK [0][-]{chapter.9}{\376\377\0009\000\040\000M\000o\000v\000e\000f\000i\000l\000e\000\040\000e\000x\000a\000m\000p\000l\000e}{}% 26
\BOOKMARK [0][-]{chapter.10}{\376\377\0001\0000\000\040\000H\000i\000n\000t\000s\000\040\000a\000n\000d\000\040\000t\000i\000p\000s}{}% 27
\BOOKMARK [1][-]{subsection.10.0.1}{\376\377\0001\0000\000.\0000\000.\0001\000\040\000H\000i\000n\000t\000s\000\040\000o\000n\000\040\000i\000n\000p\000u\000t\000\040\000f\000i\000l\000e\000s\000.}{chapter.10}% 28
\BOOKMARK [2][-]{subsection.10.0.2}{\376\377\0001\0000\000.\0000\000.\0002\000\040\000H\000i\000n\000t\000s\000\040\000o\000n\000\040\000b\000o\000n\000d\000i\000n\000g\000\040\000d\000e\000f\000i\000n\000i\000t\000i\000o\000n\000s\000.}{subsection.10.0.1}% 29
\BOOKMARK [2][-]{subsection.10.0.3}{\376\377\0001\0000\000.\0000\000.\0003\000\040\000H\000i\000n\000t\000s\000\040\000o\000n\000\040\000e\000x\000t\000e\000r\000n\000a\000l\000\040\000e\000x\000e\000c\000u\000t\000a\000b\000l\000e\000s}{subsection.10.0.1}% 30
\BOOKMARK [2][-]{subsection.10.0.4}{\376\377\0001\0000\000.\0000\000.\0004\000\040\000C\000o\000m\000m\000o\000n\000\040\000p\000r\000o\000b\000l\000e\000m\000s}{subsection.10.0.1}% 31
\BOOKMARK [0][-]{chapter.11}{\376\377\0001\0001\000\040\000T\000h\000i\000n\000g\000s\000\040\000t\000o\000\040\000d\000o}{}% 32
\BOOKMARK [0][-]{chapter.12}{\376\377\0001\0002\000\040\000R\000e\000f\000e\000r\000e\000n\000c\000e\000s}{}% 33
\BOOKMARK [1][-]{section.12.1}{\376\377\0001\0002\000.\0001\000\040\000G\000r\000a\000p\000h\000-\000d\000r\000i\000v\000e\000n\000\040\000s\000a\000m\000p\000l\000i\000n\000g\000\040\000m\000e\000t\000h\000o\000d\000o\000l\000o\000g\000y}{chapter.12}% 34
\BOOKMARK [1][-]{section.12.2}{\376\377\0001\0002\000.\0002\000\040\000M\000i\000n\000i\000m\000u\000m\000\040\000e\000n\000e\000r\000g\000y\000\040\000p\000a\000t\000h\000\040\000r\000e\000f\000i\000n\000e\000m\000e\000n\000t\000.}{chapter.12}% 35
\BOOKMARK [1][-]{section.12.3}{\376\377\0001\0002\000.\0003\000\040\000R\000e\000a\000x\000F\000F\000\040\000a\000n\000d\000\040\000L\000A\000M\000M\000P\000S}{chapter.12}% 36
\BOOKMARK [0][-]{chapter.13}{\376\377\0001\0003\000\040\000U\000s\000e\000f\000u\000l\000\040\000s\000c\000r\000i\000p\000t\000s}{}% 37
\BOOKMARK [0][-]{chapter.14}{\376\377\0001\0004\000\040\000T\000u\000t\000o\000r\000i\000a\000l\000\040\0001\000:\000\040\000C\000I\000N\000E\000B}{}% 38
\BOOKMARK [1][-]{subsection.14.0.1}{\376\377\0001\0004\000.\0000\000.\0001\000\040\000i\000n\000p\000u\000t}{chapter.14}% 39
\BOOKMARK [2][-]{subsection.14.0.2}{\376\377\0001\0004\000.\0000\000.\0002\000\040\000s\000t\000a\000r\000t\000.\000x\000y\000z\000\040\000a\000n\000d\000\040\000e\000n\000d\000.\000x\000y\000z}{subsection.14.0.1}% 40
\BOOKMARK [2][-]{subsection.14.0.3}{\376\377\0001\0004\000.\0000\000.\0003\000\040\000o\000r\000c\000a\000.\000h\000e\000a\000d}{subsection.14.0.1}% 41
\BOOKMARK [2][-]{subsection.14.0.4}{\376\377\0001\0004\000.\0000\000.\0004\000\040\000o\000r\000c\000a\000.\000m\000i\000n}{subsection.14.0.1}% 42
\BOOKMARK [2][-]{subsection.14.0.5}{\376\377\0001\0004\000.\0000\000.\0005\000\040\000A\000\040\000n\000o\000t\000e\000\040\000o\000n\000\040\000e\000x\000e\000c\000u\000t\000a\000b\000l\000e\000s\000\040\000f\000o\000r\000\040\000e\000x\000t\000e\000r\000n\000a\000l\000\040\000p\000r\000o\000g\000r\000a\000m\000s}{subsection.14.0.1}% 43
\BOOKMARK [2][-]{subsection.14.0.6}{\376\377\0001\0004\000.\0000\000.\0006\000\040\000R\000u\000n\000n\000i\000n\000g\000\040\000t\000h\000e\000\040\000c\000a\000l\000c\000u\000l\000a\000t\000i\000o\000n}{subsection.14.0.1}% 44
\BOOKMARK [2][-]{subsection.14.0.7}{\376\377\0001\0004\000.\0000\000.\0007\000\040\000N\000e\000x\000t\000\040\000s\000t\000e\000p\000s}{subsection.14.0.1}% 45
\BOOKMARK [0][-]{chapter.15}{\376\377\0001\0005\000\040\000T\000u\000t\000o\000r\000i\000a\000l\000\040\0002\000:\000\040\000C\000I\000N\000E\000B\000\040\000u\000s\000i\000n\000g\000\040\000L\000A\000M\000M\000P\000S}{}% 46
\BOOKMARK [0][-]{chapter.16}{\376\377\0001\0006\000\040\000T\000u\000t\000o\000r\000i\000a\000l\000\040\0003\000:\000\040\000R\000e\000a\000c\000t\000i\000o\000n\000\040\000p\000a\000t\000h\000-\000f\000i\000n\000d\000i\000n\000g}{}% 47
\BOOKMARK [1][-]{subsection.16.0.1}{\376\377\0001\0006\000.\0000\000.\0001\000\040\000i\000n\000p\000u\000t}{chapter.16}% 48
\BOOKMARK [2][-]{subsection.16.0.2}{\376\377\0001\0006\000.\0000\000.\0002\000\040\000s\000t\000a\000r\000t\000.\000x\000y\000z\000\040\000a\000n\000d\000\040\000e\000n\000d\000.\000x\000y\000z}{subsection.16.0.1}% 49
\BOOKMARK [2][-]{subsection.16.0.3}{\376\377\0001\0006\000.\0000\000.\0003\000\040\000m\000o\000v\000e\000s\000.\000i\000n}{subsection.16.0.1}% 50
\BOOKMARK [2][-]{subsection.16.0.4}{\376\377\0001\0006\000.\0000\000.\0004\000\040\000R\000u\000n\000n\000i\000n\000g\000\040\000t\000h\000e\000\040\000c\000a\000l\000c\000u\000l\000a\000t\000i\000o\000n}{subsection.16.0.1}% 51
\BOOKMARK [2][-]{subsection.16.0.5}{\376\377\0001\0006\000.\0000\000.\0005\000\040\000O\000p\000t\000i\000m\000i\000z\000i\000n\000g\000\040\000s\000t\000r\000u\000c\000t\000u\000r\000e\000s}{subsection.16.0.1}% 52
\BOOKMARK [2][-]{subsection.16.0.6}{\376\377\0001\0006\000.\0000\000.\0006\000\040\000F\000i\000n\000a\000l\000\040\000o\000u\000t\000p\000u\000t\000\040\000a\000n\000d\000\040\000n\000e\000x\000t\000\040\000s\000t\000e\000p\000s\000.}{subsection.16.0.1}% 53
\BOOKMARK [0][-]{chapter.17}{\376\377\0001\0007\000\040\000T\000u\000t\000o\000r\000i\000a\000l\000\040\0004\000:\000\040\000A\000n\000o\000t\000h\000e\000r\000\040\000r\000e\000a\000c\000t\000i\000o\000n\000\040\000p\000a\000t\000h\000-\000f\000i\000n\000d\000i\000n\000g\000\040\000e\000x\000a\000m\000p\000l\000e}{}% 54
\BOOKMARK [0][-]{chapter.18}{\376\377\0001\0008\000\040\000M\000o\000d\000u\000l\000e\000s\000\040\000I\000n\000d\000e\000x}{}% 55
\BOOKMARK [1][-]{section.18.1}{\376\377\0001\0008\000.\0001\000\040\000M\000o\000d\000u\000l\000e\000s\000\040\000L\000i\000s\000t}{chapter.18}% 56
\BOOKMARK [0][-]{chapter.19}{\376\377\0001\0009\000\040\000D\000a\000t\000a\000\040\000T\000y\000p\000e\000\040\000I\000n\000d\000e\000x}{}% 57
\BOOKMARK [1][-]{section.19.1}{\376\377\0001\0009\000.\0001\000\040\000D\000a\000t\000a\000\040\000T\000y\000p\000e\000s\000\040\000L\000i\000s\000t}{chapter.19}% 58
\BOOKMARK [0][-]{chapter.20}{\376\377\0002\0000\000\040\000M\000o\000d\000u\000l\000e\000\040\000D\000o\000c\000u\000m\000e\000n\000t\000a\000t\000i\000o\000n}{}% 59
\BOOKMARK [1][-]{section.20.1}{\376\377\0002\0000\000.\0001\000\040\000c\000h\000e\000m\000s\000t\000r\000\040\000M\000o\000d\000u\000l\000e\000\040\000R\000e\000f\000e\000r\000e\000n\000c\000e}{chapter.20}% 60
\BOOKMARK [2][-]{subsection.20.1.1}{\376\377\0002\0000\000.\0001\000.\0001\000\040\000D\000e\000t\000a\000i\000l\000e\000d\000\040\000D\000e\000s\000c\000r\000i\000p\000t\000i\000o\000n}{section.20.1}% 61
\BOOKMARK [2][-]{subsection.20.1.2}{\376\377\0002\0000\000.\0001\000.\0002\000\040\000F\000u\000n\000c\000t\000i\000o\000n\000/\000S\000u\000b\000r\000o\000u\000t\000i\000n\000e\000\040\000D\000o\000c\000u\000m\000e\000n\000t\000a\000t\000i\000o\000n}{section.20.1}% 62
\BOOKMARK [3][-]{subsubsection.20.1.2.1}{\376\377\0002\0000\000.\0001\000.\0002\000.\0001\000\040\000c\000r\000e\000a\000t\000e\000c\000x\000s\000\050\000\051}{subsection.20.1.2}% 63
\BOOKMARK [3][-]{subsubsection.20.1.2.2}{\376\377\0002\0000\000.\0001\000.\0002\000.\0002\000\040\000d\000e\000l\000e\000t\000e\000c\000x\000s\000\050\000\051}{subsection.20.1.2}% 64
\BOOKMARK [3][-]{subsubsection.20.1.2.3}{\376\377\0002\0000\000.\0001\000.\0002\000.\0003\000\040\000c\000o\000p\000y\000t\000o\000n\000e\000w\000c\000x\000s\000\050\000\051}{subsection.20.1.2}% 65
\BOOKMARK [3][-]{subsubsection.20.1.2.4}{\376\377\0002\0000\000.\0001\000.\0002\000.\0004\000\040\000c\000o\000p\000y\000c\000x\000s\000\050\000\051}{subsection.20.1.2}% 66
\BOOKMARK [3][-]{subsubsection.20.1.2.5}{\376\377\0002\0000\000.\0001\000.\0002\000.\0005\000\040\000s\000e\000t\000m\000a\000s\000s\000\050\000\051}{subsection.20.1.2}% 67
\BOOKMARK [3][-]{subsubsection.20.1.2.6}{\376\377\0002\0000\000.\0001\000.\0002\000.\0006\000\040\000c\000r\000e\000a\000t\000e\000c\000x\000s\000f\000r\000o\000m\000x\000y\000z\000\050\000\051}{subsection.20.1.2}% 68
\BOOKMARK [3][-]{subsubsection.20.1.2.7}{\376\377\0002\0000\000.\0001\000.\0002\000.\0007\000\040\000r\000e\000a\000d\000x\000y\000z\000t\000o\000c\000x\000s\000\050\000\051}{subsection.20.1.2}% 69
\BOOKMARK [3][-]{subsubsection.20.1.2.8}{\376\377\0002\0000\000.\0001\000.\0002\000.\0008\000\040\000r\000e\000a\000d\000c\000x\000s\000\050\000\051}{subsection.20.1.2}% 70
\BOOKMARK [3][-]{subsubsection.20.1.2.9}{\376\377\0002\0000\000.\0001\000.\0002\000.\0009\000\040\000s\000e\000t\000c\000x\000s\000c\000o\000n\000s\000t\000r\000a\000i\000n\000t\000s\000\050\000\051}{subsection.20.1.2}% 71
\BOOKMARK [3][-]{subsubsection.20.1.2.10}{\376\377\0002\0000\000.\0001\000.\0002\000.\0001\0000\000\040\000g\000e\000t\000p\000r\000o\000j\000e\000c\000t\000e\000d\000m\000o\000m\000e\000n\000t\000a\000\050\000\051}{subsection.20.1.2}% 72
\BOOKMARK [3][-]{subsubsection.20.1.2.11}{\376\377\0002\0000\000.\0001\000.\0002\000.\0001\0001\000\040\000g\000e\000t\000g\000r\000a\000p\000h\000\050\000\051}{subsection.20.1.2}% 73
\BOOKMARK [3][-]{subsubsection.20.1.2.12}{\376\377\0002\0000\000.\0001\000.\0002\000.\0001\0002\000\040\000g\000e\000t\000m\000o\000l\000s\000\050\000\051}{subsection.20.1.2}% 74
\BOOKMARK [3][-]{subsubsection.20.1.2.13}{\376\377\0002\0000\000.\0001\000.\0002\000.\0001\0003\000\040\000g\000e\000t\000s\000h\000o\000r\000t\000e\000s\000t\000p\000a\000t\000h\000s\000\050\000\051}{subsection.20.1.2}% 75
\BOOKMARK [3][-]{subsubsection.20.1.2.14}{\376\377\0002\0000\000.\0001\000.\0002\000.\0001\0004\000\040\000g\000r\000a\000p\000h\000c\000o\000n\000s\000t\000r\000a\000i\000n\000t\000s\000\050\000\051}{subsection.20.1.2}% 76
\BOOKMARK [3][-]{subsubsection.20.1.2.15}{\376\377\0002\0000\000.\0001\000.\0002\000.\0001\0005\000\040\000g\000r\000a\000p\000h\000c\000o\000n\000s\000t\000r\000a\000i\000n\000t\000s\000\137\000d\000o\000u\000b\000l\000e\000e\000n\000d\000e\000d\000\050\000\051}{subsection.20.1.2}% 77
\BOOKMARK [3][-]{subsubsection.20.1.2.16}{\376\377\0002\0000\000.\0001\000.\0002\000.\0001\0006\000\040\000p\000r\000o\000j\000a\000c\000t\000m\000o\000l\000r\000o\000t\000t\000r\000a\000n\000s\000d\000v\000d\000r\0002\000\050\000\051}{subsection.20.1.2}% 78
\BOOKMARK [3][-]{subsubsection.20.1.2.17}{\376\377\0002\0000\000.\0001\000.\0002\000.\0001\0007\000\040\000p\000r\000o\000j\000o\000u\000t\000a\000c\000t\000m\000o\000l\000r\000o\000t\000t\000r\000a\000n\000s\000d\000v\000d\000r\000\050\000\051}{subsection.20.1.2}% 79
\BOOKMARK [3][-]{subsubsection.20.1.2.18}{\376\377\0002\0000\000.\0001\000.\0002\000.\0001\0008\000\040\000p\000r\000o\000j\000o\000u\000t\000a\000c\000t\000m\000o\000l\000r\000o\000t\000t\000r\000a\000n\000s\000d\000v\000d\000r\000p\000a\000i\000r\000\050\000\051}{subsection.20.1.2}% 80
\BOOKMARK [3][-]{subsubsection.20.1.2.19}{\376\377\0002\0000\000.\0001\000.\0002\000.\0001\0009\000\040\000p\000r\000o\000j\000o\000u\000t\000a\000c\000t\000m\000o\000l\000r\000o\000t\000t\000r\000a\000n\000s\000d\000v\000d\000r\0002\000\050\000\051}{subsection.20.1.2}% 81
\BOOKMARK [3][-]{subsubsection.20.1.2.20}{\376\377\0002\0000\000.\0001\000.\0002\000.\0002\0000\000\040\000p\000r\000o\000j\000m\000o\000l\000r\000o\000t\000t\000r\000a\000n\000s\000d\000v\000d\000r\0002\000\050\000\051}{subsection.20.1.2}% 82
\BOOKMARK [3][-]{subsubsection.20.1.2.21}{\376\377\0002\0000\000.\0001\000.\0002\000.\0002\0001\000\040\000p\000r\000o\000j\000m\000o\000l\000r\000o\000t\000t\000r\000a\000n\000s\000d\000v\000d\000r\000\050\000\051}{subsection.20.1.2}% 83
\BOOKMARK [3][-]{subsubsection.20.1.2.22}{\376\377\0002\0000\000.\0001\000.\0002\000.\0002\0002\000\040\000m\000o\000l\000i\000d\000o\000f\000a\000t\000o\000m\000\050\000\051}{subsection.20.1.2}% 84
\BOOKMARK [3][-]{subsubsection.20.1.2.23}{\376\377\0002\0000\000.\0001\000.\0002\000.\0002\0003\000\040\000m\000o\000l\000m\000o\000m\000e\000n\000t\000o\000f\000i\000n\000e\000r\000t\000i\000a\000t\000e\000n\000s\000o\000r\000\050\000\051}{subsection.20.1.2}% 85
\BOOKMARK [3][-]{subsubsection.20.1.2.24}{\376\377\0002\0000\000.\0001\000.\0002\000.\0002\0004\000\040\000m\000o\000l\000e\000c\000u\000l\000a\000r\000c\000o\000m\000\050\000\051}{subsection.20.1.2}% 86
\BOOKMARK [3][-]{subsubsection.20.1.2.25}{\376\377\0002\0000\000.\0001\000.\0002\000.\0002\0005\000\040\000a\000c\000c\000u\000m\000u\000l\000a\000t\000e\000d\000e\000r\000i\000v\000a\000t\000i\000v\000e\000s\000\050\000\051}{subsection.20.1.2}% 87
\BOOKMARK [3][-]{subsubsection.20.1.2.26}{\376\377\0002\0000\000.\0001\000.\0002\000.\0002\0006\000\040\000g\000e\000t\0003\000r\000i\000n\000g\000s\000\050\000\051}{subsection.20.1.2}% 88
\BOOKMARK [3][-]{subsubsection.20.1.2.27}{\376\377\0002\0000\000.\0001\000.\0002\000.\0002\0007\000\040\000g\000e\000t\0004\000r\000i\000n\000g\000s\000\050\000\051}{subsection.20.1.2}% 89
\BOOKMARK [3][-]{subsubsection.20.1.2.28}{\376\377\0002\0000\000.\0001\000.\0002\000.\0002\0008\000\040\000p\000r\000i\000n\000t\000c\000x\000s\000t\000o\000f\000i\000l\000e\000\050\000\051}{subsection.20.1.2}% 90
\BOOKMARK [3][-]{subsubsection.20.1.2.29}{\376\377\0002\0000\000.\0001\000.\0002\000.\0002\0009\000\040\000c\000r\000e\000a\000t\000e\000m\000o\000l\000e\000c\000u\000l\000a\000r\000c\000x\000\050\000\051}{subsection.20.1.2}% 91
\BOOKMARK [3][-]{subsubsection.20.1.2.30}{\376\377\0002\0000\000.\0001\000.\0002\000.\0003\0000\000\040\000m\000o\000l\000e\000c\000u\000l\000a\000r\000g\000r\000a\000p\000h\000\050\000\051}{subsection.20.1.2}% 92
\BOOKMARK [3][-]{subsubsection.20.1.2.31}{\376\377\0002\0000\000.\0001\000.\0002\000.\0003\0001\000\040\000m\000o\000l\000e\000c\000u\000l\000a\000r\000a\000l\000a\000b\000e\000l\000\050\000\051}{subsection.20.1.2}% 93
\BOOKMARK [3][-]{subsubsection.20.1.2.32}{\376\377\0002\0000\000.\0001\000.\0002\000.\0003\0002\000\040\000r\000e\000m\000o\000v\000e\000h\000y\000d\000r\000o\000g\000e\000n\000s\000\050\000\051}{subsection.20.1.2}% 94
\BOOKMARK [3][-]{subsubsection.20.1.2.33}{\376\377\0002\0000\000.\0001\000.\0002\000.\0003\0003\000\040\000s\000e\000t\000c\000x\000s\000l\000a\000t\000t\000i\000c\000e\000\050\000\051}{subsection.20.1.2}% 95
\BOOKMARK [3][-]{subsubsection.20.1.2.34}{\376\377\0002\0000\000.\0001\000.\0002\000.\0003\0004\000\040\000o\000p\000t\000c\000x\000s\000a\000g\000a\000i\000n\000s\000t\000g\000r\000a\000p\000h\000\050\000\051}{subsection.20.1.2}% 96
\BOOKMARK [3][-]{subsubsection.20.1.2.35}{\376\377\0002\0000\000.\0001\000.\0002\000.\0003\0005\000\040\000o\000p\000t\000i\000m\000i\000z\000e\000g\000r\000p\000\050\000\051}{subsection.20.1.2}% 97
\BOOKMARK [3][-]{subsubsection.20.1.2.36}{\376\377\0002\0000\000.\0001\000.\0002\000.\0003\0006\000\040\000o\000p\000t\000i\000m\000i\000z\000e\000g\000r\000p\0002\000\050\000\051}{subsection.20.1.2}% 98
\BOOKMARK [3][-]{subsubsection.20.1.2.37}{\376\377\0002\0000\000.\0001\000.\0002\000.\0003\0007\000\040\000o\000p\000t\000i\000m\000i\000z\000e\000g\000r\000p\000\137\000d\000o\000u\000b\000l\000e\000e\000n\000d\000e\000d\000\050\000\051}{subsection.20.1.2}% 99
\BOOKMARK [3][-]{subsubsection.20.1.2.38}{\376\377\0002\0000\000.\0001\000.\0002\000.\0003\0008\000\040\000m\000o\000l\000e\000c\000u\000l\000a\000r\000f\000o\000r\000m\000u\000l\000a\000\050\000\051}{subsection.20.1.2}% 100
\BOOKMARK [3][-]{subsubsection.20.1.2.39}{\376\377\0002\0000\000.\0001\000.\0002\000.\0003\0009\000\040\000g\000e\000t\000a\000t\000o\000m\000v\000a\000l\000e\000n\000c\000y\000\050\000\051}{subsection.20.1.2}% 101
\BOOKMARK [3][-]{subsubsection.20.1.2.40}{\376\377\0002\0000\000.\0001\000.\0002\000.\0004\0000\000\040\000g\000e\000t\000e\000l\000e\000m\000e\000n\000t\000p\000a\000i\000r\000v\000a\000l\000e\000n\000c\000y\000\050\000\051}{subsection.20.1.2}% 102
\BOOKMARK [3][-]{subsubsection.20.1.2.41}{\376\377\0002\0000\000.\0001\000.\0002\000.\0004\0001\000\040\000a\000l\000l\000o\000w\000e\000d\000c\000x\000s\000v\000a\000l\000e\000n\000c\000e\000r\000a\000n\000g\000e\000\050\000\051}{subsection.20.1.2}% 103
\BOOKMARK [3][-]{subsubsection.20.1.2.42}{\376\377\0002\0000\000.\0001\000.\0002\000.\0004\0002\000\040\000a\000l\000l\000o\000w\000e\000d\000c\000x\000s\000r\000e\000a\000c\000t\000i\000v\000e\000v\000a\000l\000e\000n\000c\000e\000\050\000\051}{subsection.20.1.2}% 104
\BOOKMARK [3][-]{subsubsection.20.1.2.43}{\376\377\0002\0000\000.\0001\000.\0002\000.\0004\0003\000\040\000a\000l\000l\000o\000w\000e\000d\000c\000x\000s\000b\000o\000n\000d\000s\000m\000a\000x\000\050\000\051}{subsection.20.1.2}% 105
\BOOKMARK [3][-]{subsubsection.20.1.2.44}{\376\377\0002\0000\000.\0001\000.\0002\000.\0004\0004\000\040\000s\000e\000t\000r\000e\000a\000c\000t\000i\000v\000e\000i\000n\000d\000i\000c\000e\000s\000\050\000\051}{subsection.20.1.2}% 106
\BOOKMARK [3][-]{subsubsection.20.1.2.45}{\376\377\0002\0000\000.\0001\000.\0002\000.\0004\0005\000\040\000c\000h\000e\000c\000k\000f\000o\000r\000b\000i\000d\000d\000e\000n\000\050\000\051}{subsection.20.1.2}% 107
\BOOKMARK [3][-]{subsubsection.20.1.2.46}{\376\377\0002\0000\000.\0001\000.\0002\000.\0004\0006\000\040\000p\000r\000i\000n\000t\000c\000x\000s\000g\000r\000a\000p\000h\000i\000n\000f\000o\000\050\000\051}{subsection.20.1.2}% 108
\BOOKMARK [3][-]{subsubsection.20.1.2.47}{\376\377\0002\0000\000.\0001\000.\0002\000.\0004\0007\000\040\000s\000e\000t\000v\000a\000l\000e\000n\000c\000e\000c\000o\000o\000r\000d\000s\000\050\000\051}{subsection.20.1.2}% 109
\BOOKMARK [3][-]{subsubsection.20.1.2.48}{\376\377\0002\0000\000.\0001\000.\0002\000.\0004\0008\000\040\000g\000e\000t\000b\000o\000n\000d\000s\000\050\000\051}{subsection.20.1.2}% 110
\BOOKMARK [3][-]{subsubsection.20.1.2.49}{\376\377\0002\0000\000.\0001\000.\0002\000.\0004\0009\000\040\000g\000e\000t\000a\000n\000g\000l\000e\000s\000\050\000\051}{subsection.20.1.2}% 111
\BOOKMARK [3][-]{subsubsection.20.1.2.50}{\376\377\0002\0000\000.\0001\000.\0002\000.\0005\0000\000\040\000g\000e\000t\000m\000o\000l\000e\000c\000u\000l\000a\000r\000g\000r\000a\000p\000h\000v\000e\000c\000t\000o\000r\000\050\000\051}{subsection.20.1.2}% 112
\BOOKMARK [3][-]{subsubsection.20.1.2.51}{\376\377\0002\0000\000.\0001\000.\0002\000.\0005\0001\000\040\000g\000e\000t\000m\000o\000l\000e\000c\000u\000l\000a\000r\000s\000m\000i\000l\000e\000s\000\050\000\051}{subsection.20.1.2}% 113
\BOOKMARK [3][-]{subsubsection.20.1.2.52}{\376\377\0002\0000\000.\0001\000.\0002\000.\0005\0002\000\040\000m\000o\000l\000e\000c\000u\000l\000a\000r\000m\000a\000s\000s\000\050\000\051}{subsection.20.1.2}% 114
\BOOKMARK [1][-]{section.20.2}{\376\377\0002\0000\000.\0002\000\040\000c\000o\000n\000s\000t\000a\000n\000t\000s\000\040\000M\000o\000d\000u\000l\000e\000\040\000R\000e\000f\000e\000r\000e\000n\000c\000e}{chapter.20}% 115
\BOOKMARK [2][-]{subsection.20.2.1}{\376\377\0002\0000\000.\0002\000.\0001\000\040\000D\000e\000t\000a\000i\000l\000e\000d\000\040\000D\000e\000s\000c\000r\000i\000p\000t\000i\000o\000n}{section.20.2}% 116
\BOOKMARK [1][-]{section.20.3}{\376\377\0002\0000\000.\0003\000\040\000f\000u\000n\000c\000t\000i\000o\000n\000s\000\040\000M\000o\000d\000u\000l\000e\000\040\000R\000e\000f\000e\000r\000e\000n\000c\000e}{chapter.20}% 117
\BOOKMARK [2][-]{subsection.20.3.1}{\376\377\0002\0000\000.\0003\000.\0001\000\040\000D\000e\000t\000a\000i\000l\000e\000d\000\040\000D\000e\000s\000c\000r\000i\000p\000t\000i\000o\000n}{section.20.3}% 118
\BOOKMARK [2][-]{subsection.20.3.2}{\376\377\0002\0000\000.\0003\000.\0002\000\040\000F\000u\000n\000c\000t\000i\000o\000n\000/\000S\000u\000b\000r\000o\000u\000t\000i\000n\000e\000\040\000D\000o\000c\000u\000m\000e\000n\000t\000a\000t\000i\000o\000n}{section.20.3}% 119
\BOOKMARK [3][-]{subsubsection.20.3.2.1}{\376\377\0002\0000\000.\0003\000.\0002\000.\0001\000\040\000i\000s\000\137\000n\000u\000m\000e\000r\000i\000c\000\050\000\051}{subsection.20.3.2}% 120
\BOOKMARK [3][-]{subsubsection.20.3.2.2}{\376\377\0002\0000\000.\0003\000.\0002\000.\0002\000\040\000o\000p\000r\000o\000d\000\050\000\051}{subsection.20.3.2}% 121
\BOOKMARK [3][-]{subsubsection.20.3.2.3}{\376\377\0002\0000\000.\0003\000.\0002\000.\0003\000\040\000s\000i\000g\000m\000o\000i\000d\000\050\000\051}{subsection.20.3.2}% 122
\BOOKMARK [3][-]{subsubsection.20.3.2.4}{\376\377\0002\0000\000.\0003\000.\0002\000.\0004\000\040\000x\000p\000r\000o\000d\000u\000c\000t\000\050\000\051}{subsection.20.3.2}% 123
\BOOKMARK [3][-]{subsubsection.20.3.2.5}{\376\377\0002\0000\000.\0003\000.\0002\000.\0005\000\040\000f\000a\000c\000t\000o\000r\000i\000a\000l\000\050\000\051}{subsection.20.3.2}% 124
\BOOKMARK [3][-]{subsubsection.20.3.2.6}{\376\377\0002\0000\000.\0003\000.\0002\000.\0006\000\040\000c\000h\000o\000o\000s\000e\000\050\000\051}{subsection.20.3.2}% 125
\BOOKMARK [3][-]{subsubsection.20.3.2.7}{\376\377\0002\0000\000.\0003\000.\0002\000.\0007\000\040\000f\000i\000n\000d\000i\000d\000x\000\050\000\051}{subsection.20.3.2}% 126
\BOOKMARK [3][-]{subsubsection.20.3.2.8}{\376\377\0002\0000\000.\0003\000.\0002\000.\0008\000\040\000l\000a\000b\000e\000l\000t\000o\000n\000u\000m\000b\000e\000r\000\050\000\051}{subsection.20.3.2}% 127
\BOOKMARK [3][-]{subsubsection.20.3.2.9}{\376\377\0002\0000\000.\0003\000.\0002\000.\0009\000\040\000n\000u\000m\000b\000e\000r\000t\000o\000l\000a\000b\000e\000l\000\050\000\051}{subsection.20.3.2}% 128
\BOOKMARK [3][-]{subsubsection.20.3.2.10}{\376\377\0002\0000\000.\0003\000.\0002\000.\0001\0000\000\040\000m\000a\000s\000s\000f\000r\000o\000m\000l\000a\000b\000e\000l\000s\000\050\000\051}{subsection.20.3.2}% 129
\BOOKMARK [1][-]{section.20.4}{\376\377\0002\0000\000.\0004\000\040\000g\000l\000o\000b\000a\000l\000d\000a\000t\000a\000\040\000M\000o\000d\000u\000l\000e\000\040\000R\000e\000f\000e\000r\000e\000n\000c\000e}{chapter.20}% 130
\BOOKMARK [2][-]{subsection.20.4.1}{\376\377\0002\0000\000.\0004\000.\0001\000\040\000D\000e\000t\000a\000i\000l\000e\000d\000\040\000D\000e\000s\000c\000r\000i\000p\000t\000i\000o\000n}{section.20.4}% 131
\BOOKMARK [2][-]{subsection.20.4.2}{\376\377\0002\0000\000.\0004\000.\0002\000\040\000V\000a\000r\000i\000a\000b\000l\000e\000\040\000D\000o\000c\000u\000m\000e\000n\000t\000a\000t\000i\000o\000n}{section.20.4}% 132
\BOOKMARK [3][-]{subsubsection.20.4.2.1}{\376\377\0002\0000\000.\0004\000.\0002\000.\0001\000\040\000a\000l\000p\000h\000a\000v\000b\000e}{subsection.20.4.2}% 133
\BOOKMARK [1][-]{section.20.5}{\376\377\0002\0000\000.\0005\000\040\000i\000o\000\040\000M\000o\000d\000u\000l\000e\000\040\000R\000e\000f\000e\000r\000e\000n\000c\000e}{chapter.20}% 134
\BOOKMARK [2][-]{subsection.20.5.1}{\376\377\0002\0000\000.\0005\000.\0001\000\040\000D\000e\000t\000a\000i\000l\000e\000d\000\040\000D\000e\000s\000c\000r\000i\000p\000t\000i\000o\000n}{section.20.5}% 135
\BOOKMARK [2][-]{subsection.20.5.2}{\376\377\0002\0000\000.\0005\000.\0002\000\040\000F\000u\000n\000c\000t\000i\000o\000n\000/\000S\000u\000b\000r\000o\000u\000t\000i\000n\000e\000\040\000D\000o\000c\000u\000m\000e\000n\000t\000a\000t\000i\000o\000n}{section.20.5}% 136
\BOOKMARK [3][-]{subsubsection.20.5.2.1}{\376\377\0002\0000\000.\0005\000.\0002\000.\0001\000\040\000r\000e\000a\000d\000i\000n\000p\000u\000t\000\050\000\051}{subsection.20.5.2}% 137
\BOOKMARK [3][-]{subsubsection.20.5.2.2}{\376\377\0002\0000\000.\0005\000.\0002\000.\0002\000\040\000r\000e\000a\000d\000g\000r\000a\000p\000h\000m\000o\000v\000e\000s\000\050\000\051}{subsection.20.5.2}% 138
\BOOKMARK [3][-]{subsubsection.20.5.2.3}{\376\377\0002\0000\000.\0005\000.\0002\000.\0003\000\040\000r\000e\000a\000d\000f\000o\000r\000b\000i\000d\000d\000e\000n\000g\000r\000a\000p\000h\000s\000\050\000\051}{subsection.20.5.2}% 139
\BOOKMARK [3][-]{subsubsection.20.5.2.4}{\376\377\0002\0000\000.\0005\000.\0002\000.\0004\000\040\000s\000e\000t\000i\000o\000d\000e\000f\000a\000u\000l\000t\000s\000\050\000\051}{subsection.20.5.2}% 140
\BOOKMARK [1][-]{section.20.6}{\376\377\0002\0000\000.\0006\000\040\000p\000a\000t\000h\000f\000i\000n\000d\000e\000r\000\040\000M\000o\000d\000u\000l\000e\000\040\000R\000e\000f\000e\000r\000e\000n\000c\000e}{chapter.20}% 141
\BOOKMARK [2][-]{subsection.20.6.1}{\376\377\0002\0000\000.\0006\000.\0001\000\040\000D\000e\000t\000a\000i\000l\000e\000d\000\040\000D\000e\000s\000c\000r\000i\000p\000t\000i\000o\000n}{section.20.6}% 142
\BOOKMARK [3][-]{subsubsection.20.6.1.1}{\376\377\0002\0000\000.\0006\000.\0001\000.\0001\000\040\000D\000E\000S\000C\000R\000I\000P\000T\000I\000O\000N}{subsection.20.6.1}% 143
\BOOKMARK [3][-]{subsubsection.20.6.1.2}{\376\377\0002\0000\000.\0006\000.\0001\000.\0002\000\040\000O\000U\000T\000P\000U\000T\000S}{subsection.20.6.1}% 144
\BOOKMARK [2][-]{subsection.20.6.2}{\376\377\0002\0000\000.\0006\000.\0002\000\040\000F\000u\000n\000c\000t\000i\000o\000n\000/\000S\000u\000b\000r\000o\000u\000t\000i\000n\000e\000\040\000D\000o\000c\000u\000m\000e\000n\000t\000a\000t\000i\000o\000n}{section.20.6}% 145
\BOOKMARK [3][-]{subsubsection.20.6.2.1}{\376\377\0002\0000\000.\0006\000.\0002\000.\0001\000\040\000r\000u\000n\000p\000a\000t\000h\000f\000i\000n\000d\000e\000r\000\050\000\051}{subsection.20.6.2}% 146
\BOOKMARK [3][-]{subsubsection.20.6.2.2}{\376\377\0002\0000\000.\0006\000.\0002\000.\0002\000\040\000a\000d\000j\000u\000s\000t\000p\000a\000t\000h\000s\000\050\000\051}{subsection.20.6.2}% 147
\BOOKMARK [3][-]{subsubsection.20.6.2.3}{\376\377\0002\0000\000.\0006\000.\0002\000.\0003\000\040\000c\000o\000n\000t\000a\000i\000n\000s\000t\000a\000r\000g\000e\000t\000a\000t\000o\000m\000\050\000\051}{subsection.20.6.2}% 148
\BOOKMARK [3][-]{subsubsection.20.6.2.4}{\376\377\0002\0000\000.\0006\000.\0002\000.\0004\000\040\000e\000v\000a\000l\000u\000a\000t\000e\000g\000r\000a\000p\000h\000e\000r\000r\000o\000r\000\050\000\051}{subsection.20.6.2}% 149
\BOOKMARK [3][-]{subsubsection.20.6.2.5}{\376\377\0002\0000\000.\0006\000.\0002\000.\0005\000\040\000c\000o\000m\000p\000a\000r\000e\000g\000r\000a\000p\000h\000s\000\050\000\051}{subsection.20.6.2}% 150
\BOOKMARK [3][-]{subsubsection.20.6.2.6}{\376\377\0002\0000\000.\0006\000.\0002\000.\0006\000\040\000p\000r\000o\000p\000a\000g\000a\000t\000e\000g\000r\000a\000p\000h\000s\000\050\000\051}{subsection.20.6.2}% 151
\BOOKMARK [3][-]{subsubsection.20.6.2.7}{\376\377\0002\0000\000.\0006\000.\0002\000.\0007\000\040\000s\000e\000l\000e\000c\000t\000m\000o\000v\000e\000a\000t\000o\000m\000s\000\050\000\051}{subsection.20.6.2}% 152
\BOOKMARK [3][-]{subsubsection.20.6.2.8}{\376\377\0002\0000\000.\0006\000.\0002\000.\0008\000\040\000p\000a\000t\000h\000b\000o\000n\000d\000e\000n\000e\000r\000g\000y\000\050\000\051}{subsection.20.6.2}% 153
\BOOKMARK [3][-]{subsubsection.20.6.2.9}{\376\377\0002\0000\000.\0006\000.\0002\000.\0009\000\040\000g\000e\000t\000p\000a\000t\000h\000f\000i\000t\000n\000e\000s\000s\000\050\000\051}{subsection.20.6.2}% 154
\BOOKMARK [3][-]{subsubsection.20.6.2.10}{\376\377\0002\0000\000.\0006\000.\0002\000.\0001\0000\000\040\000t\000r\000i\000m\000p\000a\000t\000h\000\050\000\051}{subsection.20.6.2}% 155
\BOOKMARK [3][-]{subsubsection.20.6.2.11}{\376\377\0002\0000\000.\0006\000.\0002\000.\0001\0001\000\040\000p\000r\000i\000n\000t\000m\000o\000l\000s\000a\000l\000o\000n\000g\000p\000a\000t\000h\000\050\000\051}{subsection.20.6.2}% 156
\BOOKMARK [3][-]{subsubsection.20.6.2.12}{\376\377\0002\0000\000.\0006\000.\0002\000.\0001\0002\000\040\000g\000r\000a\000p\000h\000s\000t\000o\000c\000o\000o\000r\000d\000s\000\050\000\051}{subsection.20.6.2}% 157
\BOOKMARK [3][-]{subsubsection.20.6.2.13}{\376\377\0002\0000\000.\0006\000.\0002\000.\0001\0003\000\040\000p\000r\000i\000n\000t\000m\000e\000c\000h\000a\000n\000i\000s\000m\000p\000a\000t\000h\000s\000\050\000\051}{subsection.20.6.2}% 158
\BOOKMARK [3][-]{subsubsection.20.6.2.14}{\376\377\0002\0000\000.\0006\000.\0002\000.\0001\0004\000\040\000u\000p\000d\000a\000t\000e\000m\000e\000c\000h\000a\000n\000i\000s\000m\000\050\000\051}{subsection.20.6.2}% 159
\BOOKMARK [3][-]{subsubsection.20.6.2.15}{\376\377\0002\0000\000.\0006\000.\0002\000.\0001\0005\000\040\000r\000e\000a\000c\000t\000i\000o\000n\000e\000r\000r\000o\000r\000c\000o\000r\000r\000e\000c\000t\000i\000o\000n\000\050\000\051}{subsection.20.6.2}% 160
\BOOKMARK [3][-]{subsubsection.20.6.2.16}{\376\377\0002\0000\000.\0006\000.\0002\000.\0001\0006\000\040\000u\000p\000d\000a\000t\000e\000c\000h\000a\000r\000g\000e\000s\000\050\000\051}{subsection.20.6.2}% 161
\BOOKMARK [1][-]{section.20.7}{\376\377\0002\0000\000.\0007\000\040\000p\000a\000t\000h\000o\000p\000t\000\040\000M\000o\000d\000u\000l\000e\000\040\000R\000e\000f\000e\000r\000e\000n\000c\000e}{chapter.20}% 162
\BOOKMARK [2][-]{subsection.20.7.1}{\376\377\0002\0000\000.\0007\000.\0001\000\040\000D\000e\000t\000a\000i\000l\000e\000d\000\040\000D\000e\000s\000c\000r\000i\000p\000t\000i\000o\000n}{section.20.7}% 163
\BOOKMARK [2][-]{subsection.20.7.2}{\376\377\0002\0000\000.\0007\000.\0002\000\040\000F\000u\000n\000c\000t\000i\000o\000n\000/\000S\000u\000b\000r\000o\000u\000t\000i\000n\000e\000\040\000D\000o\000c\000u\000m\000e\000n\000t\000a\000t\000i\000o\000n}{section.20.7}% 164
\BOOKMARK [3][-]{subsubsection.20.7.2.1}{\376\377\0002\0000\000.\0007\000.\0002\000.\0001\000\040\000o\000p\000t\000i\000m\000i\000z\000e\000p\000a\000t\000h\000\050\000\051}{subsection.20.7.2}% 165
\BOOKMARK [3][-]{subsubsection.20.7.2.2}{\376\377\0002\0000\000.\0007\000.\0002\000.\0002\000\040\000c\000i\000n\000e\000b\000\050\000\051}{subsection.20.7.2}% 166
\BOOKMARK [1][-]{section.20.8}{\376\377\0002\0000\000.\0008\000\040\000p\000e\000s\000\040\000M\000o\000d\000u\000l\000e\000\040\000R\000e\000f\000e\000r\000e\000n\000c\000e}{chapter.20}% 167
\BOOKMARK [2][-]{subsection.20.8.1}{\376\377\0002\0000\000.\0008\000.\0001\000\040\000D\000e\000t\000a\000i\000l\000e\000d\000\040\000D\000e\000s\000c\000r\000i\000p\000t\000i\000o\000n}{section.20.8}% 168
\BOOKMARK [2][-]{subsection.20.8.2}{\376\377\0002\0000\000.\0008\000.\0002\000\040\000F\000u\000n\000c\000t\000i\000o\000n\000/\000S\000u\000b\000r\000o\000u\000t\000i\000n\000e\000\040\000D\000o\000c\000u\000m\000e\000n\000t\000a\000t\000i\000o\000n}{section.20.8}% 169
\BOOKMARK [3][-]{subsubsection.20.8.2.1}{\376\377\0002\0000\000.\0008\000.\0002\000.\0001\000\040\000s\000e\000t\000u\000p\000e\000n\000e\000r\000g\000y\000c\000a\000l\000c\000\050\000\051}{subsection.20.8.2}% 170
\BOOKMARK [3][-]{subsubsection.20.8.2.2}{\376\377\0002\0000\000.\0008\000.\0002\000.\0002\000\040\000s\000e\000t\000u\000p\000g\000e\000o\000m\000o\000p\000t\000\050\000\051}{subsection.20.8.2}% 171
\BOOKMARK [3][-]{subsubsection.20.8.2.3}{\376\377\0002\0000\000.\0008\000.\0002\000.\0003\000\040\000a\000b\000i\000n\000i\000t\000i\000o\000\050\000\051}{subsection.20.8.2}% 172
\BOOKMARK [3][-]{subsubsection.20.8.2.4}{\376\377\0002\0000\000.\0008\000.\0002\000.\0004\000\040\000m\000o\000l\000p\000r\000o\000c\000a\000l\000c\000\050\000\051}{subsection.20.8.2}% 173
\BOOKMARK [3][-]{subsubsection.20.8.2.5}{\376\377\0002\0000\000.\0008\000.\0002\000.\0005\000\040\000o\000r\000c\000a\000c\000a\000l\000c\000\050\000\051}{subsection.20.8.2}% 174
\BOOKMARK [3][-]{subsubsection.20.8.2.6}{\376\377\0002\0000\000.\0008\000.\0002\000.\0006\000\040\000d\000f\000t\000b\000c\000a\000l\000c\000\050\000\051}{subsection.20.8.2}% 175
\BOOKMARK [3][-]{subsubsection.20.8.2.7}{\376\377\0002\0000\000.\0008\000.\0002\000.\0007\000\040\000u\000f\000f\000c\000a\000l\000c\000\050\000\051}{subsection.20.8.2}% 176
\BOOKMARK [3][-]{subsubsection.20.8.2.8}{\376\377\0002\0000\000.\0008\000.\0002\000.\0008\000\040\000l\000a\000m\000m\000p\000s\000c\000a\000l\000c\000\050\000\051}{subsection.20.8.2}% 177
\BOOKMARK [3][-]{subsubsection.20.8.2.9}{\376\377\0002\0000\000.\0008\000.\0002\000.\0009\000\040\000p\000s\000i\0004\000c\000a\000l\000c\000\050\000\051}{subsection.20.8.2}% 178
\BOOKMARK [3][-]{subsubsection.20.8.2.10}{\376\377\0002\0000\000.\0008\000.\0002\000.\0001\0000\000\040\000f\000i\000r\000e\000m\000i\000n\000i\000m\000i\000s\000e\000\050\000\051}{subsection.20.8.2}% 179
\BOOKMARK [3][-]{subsubsection.20.8.2.11}{\376\377\0002\0000\000.\0008\000.\0002\000.\0001\0001\000\040\000m\000a\000t\000c\000h\000c\000x\000c\000o\000n\000s\000t\000r\000a\000i\000n\000t\000\050\000\051}{subsection.20.8.2}% 180
\BOOKMARK [3][-]{subsubsection.20.8.2.12}{\376\377\0002\0000\000.\0008\000.\0002\000.\0001\0002\000\040\000g\000e\000t\000a\000c\000t\000m\000o\000l\000e\000c\000e\000n\000e\000r\000g\000i\000e\000s\000\050\000\051}{subsection.20.8.2}% 181
\BOOKMARK [3][-]{subsubsection.20.8.2.13}{\376\377\0002\0000\000.\0008\000.\0002\000.\0001\0003\000\040\000g\000e\000t\000m\000o\000l\000e\000c\000u\000l\000a\000r\000e\000n\000e\000r\000g\000i\000e\000s\000\050\000\051}{subsection.20.8.2}% 182
\BOOKMARK [1][-]{section.20.9}{\376\377\0002\0000\000.\0009\000\040\000r\000p\000a\000t\000h\000\040\000M\000o\000d\000u\000l\000e\000\040\000R\000e\000f\000e\000r\000e\000n\000c\000e}{chapter.20}% 183
\BOOKMARK [2][-]{subsection.20.9.1}{\376\377\0002\0000\000.\0009\000.\0001\000\040\000D\000e\000t\000a\000i\000l\000e\000d\000\040\000D\000e\000s\000c\000r\000i\000p\000t\000i\000o\000n}{section.20.9}% 184
\BOOKMARK [2][-]{subsection.20.9.2}{\376\377\0002\0000\000.\0009\000.\0002\000\040\000F\000u\000n\000c\000t\000i\000o\000n\000/\000S\000u\000b\000r\000o\000u\000t\000i\000n\000e\000\040\000D\000o\000c\000u\000m\000e\000n\000t\000a\000t\000i\000o\000n}{section.20.9}% 185
\BOOKMARK [3][-]{subsubsection.20.9.2.1}{\376\377\0002\0000\000.\0009\000.\0002\000.\0001\000\040\000n\000e\000w\000p\000a\000t\000h\000\050\000\051}{subsection.20.9.2}% 186
\BOOKMARK [3][-]{subsubsection.20.9.2.2}{\376\377\0002\0000\000.\0009\000.\0002\000.\0002\000\040\000c\000o\000p\000y\000p\000a\000t\000h\000\050\000\051}{subsection.20.9.2}% 187
\BOOKMARK [3][-]{subsubsection.20.9.2.3}{\376\377\0002\0000\000.\0009\000.\0002\000.\0003\000\040\000d\000e\000l\000e\000t\000e\000p\000a\000t\000h\000\050\000\051}{subsection.20.9.2}% 188
\BOOKMARK [3][-]{subsubsection.20.9.2.4}{\376\377\0002\0000\000.\0009\000.\0002\000.\0004\000\040\000s\000e\000t\000i\000n\000t\000e\000r\000n\000a\000l\000c\000o\000o\000r\000d\000s\000\050\000\051}{subsection.20.9.2}% 189
\BOOKMARK [3][-]{subsubsection.20.9.2.5}{\376\377\0002\0000\000.\0009\000.\0002\000.\0005\000\040\000p\000r\000i\000n\000t\000p\000a\000t\000h\000t\000o\000f\000i\000l\000e\000\050\000\051}{subsection.20.9.2}% 190
\BOOKMARK [3][-]{subsubsection.20.9.2.6}{\376\377\0002\0000\000.\0009\000.\0002\000.\0006\000\040\000f\000i\000n\000d\000i\000d\000p\000p\000p\000a\000t\000h\000\050\000\051}{subsection.20.9.2}% 191
\BOOKMARK [3][-]{subsubsection.20.9.2.7}{\376\377\0002\0000\000.\0009\000.\0002\000.\0007\000\040\000g\000e\000t\000f\000o\000r\000c\000e\000n\000o\000r\000m\000\050\000\051}{subsection.20.9.2}% 192
\BOOKMARK [3][-]{subsubsection.20.9.2.8}{\376\377\0002\0000\000.\0009\000.\0002\000.\0008\000\040\000r\000e\000a\000d\000x\000y\000z\000f\000r\000a\000m\000e\000\050\000\051}{subsection.20.9.2}% 193
\BOOKMARK [3][-]{subsubsection.20.9.2.9}{\376\377\0002\0000\000.\0009\000.\0002\000.\0009\000\040\000s\000t\000a\000r\000t\000f\000r\000o\000m\000e\000n\000d\000p\000o\000i\000n\000t\000s\000\050\000\051}{subsection.20.9.2}% 194
\BOOKMARK [3][-]{subsubsection.20.9.2.10}{\376\377\0002\0000\000.\0009\000.\0002\000.\0001\0000\000\040\000r\000e\000a\000d\000p\000a\000t\000h\000f\000r\000o\000m\000f\000i\000l\000e\000\050\000\051}{subsection.20.9.2}% 195
\BOOKMARK [3][-]{subsubsection.20.9.2.11}{\376\377\0002\0000\000.\0009\000.\0002\000.\0001\0001\000\040\000s\000e\000t\000p\000a\000t\000h\000c\000o\000n\000s\000t\000r\000a\000i\000n\000t\000s\000\050\000\051}{subsection.20.9.2}% 196
\BOOKMARK [3][-]{subsubsection.20.9.2.12}{\376\377\0002\0000\000.\0009\000.\0002\000.\0001\0002\000\040\000g\000e\000t\000p\000a\000t\000h\000e\000n\000e\000r\000g\000y\000\050\000\051}{subsection.20.9.2}% 197
\BOOKMARK [3][-]{subsubsection.20.9.2.13}{\376\377\0002\0000\000.\0009\000.\0002\000.\0001\0003\000\040\000g\000e\000t\000p\000a\000t\000h\000g\000r\000a\000d\000i\000e\000n\000t\000s\000\050\000\051}{subsection.20.9.2}% 198
\BOOKMARK [3][-]{subsubsection.20.9.2.14}{\376\377\0002\0000\000.\0009\000.\0002\000.\0001\0004\000\040\000g\000e\000t\000p\000r\000o\000j\000f\000o\000r\000c\000e\000s\0001\000\050\000\051}{subsection.20.9.2}% 199
\BOOKMARK [3][-]{subsubsection.20.9.2.15}{\376\377\0002\0000\000.\0009\000.\0002\000.\0001\0005\000\040\000g\000e\000t\000p\000r\000o\000j\000f\000o\000r\000c\000e\000s\0002\000\050\000\051}{subsection.20.9.2}% 200
\BOOKMARK [3][-]{subsubsection.20.9.2.16}{\376\377\0002\0000\000.\0009\000.\0002\000.\0001\0006\000\040\000g\000e\000t\000p\000r\000o\000j\000f\000o\000r\000c\000e\000s\0003\000\050\000\051}{subsection.20.9.2}% 201
\BOOKMARK [3][-]{subsubsection.20.9.2.17}{\376\377\0002\0000\000.\0009\000.\0002\000.\0001\0007\000\040\000s\000h\000i\000m\000m\000y\000e\000n\000d\000b\000e\000a\000d\000s\000\050\000\051}{subsection.20.9.2}% 202
\BOOKMARK [3][-]{subsubsection.20.9.2.18}{\376\377\0002\0000\000.\0009\000.\0002\000.\0001\0008\000\040\000g\000e\000t\000f\000o\000u\000r\000i\000e\000r\000f\000o\000r\000c\000e\000s\000\050\000\051}{subsection.20.9.2}% 203
\BOOKMARK [3][-]{subsubsection.20.9.2.19}{\376\377\0002\0000\000.\0009\000.\0002\000.\0001\0009\000\040\000f\000o\000u\000r\000i\000e\000r\000t\000o\000p\000a\000t\000h\000\050\000\051}{subsection.20.9.2}% 204
\BOOKMARK [3][-]{subsubsection.20.9.2.20}{\376\377\0002\0000\000.\0009\000.\0002\000.\0002\0000\000\040\000p\000a\000t\000h\000t\000o\000f\000o\000u\000r\000i\000e\000r\000\050\000\051}{subsection.20.9.2}% 205
\BOOKMARK [3][-]{subsubsection.20.9.2.21}{\376\377\0002\0000\000.\0009\000.\0002\000.\0002\0001\000\040\000f\000i\000r\000s\000t\000v\000v\000u\000p\000d\000a\000t\000e\000\050\000\051}{subsection.20.9.2}% 206
\BOOKMARK [3][-]{subsubsection.20.9.2.22}{\376\377\0002\0000\000.\0009\000.\0002\000.\0002\0002\000\040\000s\000e\000c\000o\000n\000d\000v\000v\000u\000p\000d\000a\000t\000e\000\050\000\051}{subsection.20.9.2}% 207
\BOOKMARK [3][-]{subsubsection.20.9.2.23}{\376\377\0002\0000\000.\0009\000.\0002\000.\0002\0003\000\040\000g\000e\000t\000s\000p\000r\000i\000n\000g\000f\000o\000r\000c\000e\000s\000\050\000\051}{subsection.20.9.2}% 208
\BOOKMARK [3][-]{subsubsection.20.9.2.24}{\376\377\0002\0000\000.\0009\000.\0002\000.\0002\0004\000\040\000s\000t\000r\000i\000p\000i\000n\000a\000c\000t\000i\000v\000e\000f\000r\000o\000m\000p\000a\000t\000h\000\050\000\051}{subsection.20.9.2}% 209
\BOOKMARK [3][-]{subsubsection.20.9.2.25}{\376\377\0002\0000\000.\0009\000.\0002\000.\0002\0005\000\040\000e\000r\000r\000o\000r\000r\000\050\000\051}{subsection.20.9.2}% 210
\BOOKMARK [0][-]{chapter.21}{\376\377\0002\0001\000\040\000D\000a\000t\000a\000\040\000T\000y\000p\000e\000\040\000D\000o\000c\000u\000m\000e\000n\000t\000a\000t\000i\000o\000n}{}% 211
\BOOKMARK [1][-]{section.21.1}{\376\377\0002\0001\000.\0001\000\040\000c\000h\000e\000m\000s\000t\000r\000:\000:\000c\000x\000s\000\040\000T\000y\000p\000e\000\040\000R\000e\000f\000e\000r\000e\000n\000c\000e}{chapter.21}% 212
\BOOKMARK [2][-]{subsection.21.1.1}{\376\377\0002\0001\000.\0001\000.\0001\000\040\000D\000e\000t\000a\000i\000l\000e\000d\000\040\000D\000e\000s\000c\000r\000i\000p\000t\000i\000o\000n}{section.21.1}% 213
\BOOKMARK [1][-]{section.21.2}{\376\377\0002\0001\000.\0002\000\040\000g\000l\000o\000b\000a\000l\000d\000a\000t\000a\000:\000:\000f\000i\000n\000g\000e\000r\000p\000r\000i\000n\000t\000\040\000T\000y\000p\000e\000\040\000R\000e\000f\000e\000r\000e\000n\000c\000e}{chapter.21}% 214
\BOOKMARK [2][-]{subsection.21.2.1}{\376\377\0002\0001\000.\0002\000.\0001\000\040\000D\000e\000t\000a\000i\000l\000e\000d\000\040\000D\000e\000s\000c\000r\000i\000p\000t\000i\000o\000n}{section.21.2}% 215
\BOOKMARK [1][-]{section.21.3}{\376\377\0002\0001\000.\0003\000\040\000g\000l\000o\000b\000a\000l\000d\000a\000t\000a\000:\000:\000g\000r\000a\000p\000h\000p\000a\000r\000\040\000T\000y\000p\000e\000\040\000R\000e\000f\000e\000r\000e\000n\000c\000e}{chapter.21}% 216
\BOOKMARK [2][-]{subsection.21.3.1}{\376\377\0002\0001\000.\0003\000.\0001\000\040\000D\000e\000t\000a\000i\000l\000e\000d\000\040\000D\000e\000s\000c\000r\000i\000p\000t\000i\000o\000n}{section.21.3}% 217
\BOOKMARK [1][-]{section.21.4}{\376\377\0002\0001\000.\0004\000\040\000g\000l\000o\000b\000a\000l\000d\000a\000t\000a\000:\000:\000m\000o\000l\000g\000m\000\040\000T\000y\000p\000e\000\040\000R\000e\000f\000e\000r\000e\000n\000c\000e}{chapter.21}% 218
\BOOKMARK [2][-]{subsection.21.4.1}{\376\377\0002\0001\000.\0004\000.\0001\000\040\000D\000e\000t\000a\000i\000l\000e\000d\000\040\000D\000e\000s\000c\000r\000i\000p\000t\000i\000o\000n}{section.21.4}% 219
\BOOKMARK [1][-]{section.21.5}{\376\377\0002\0001\000.\0005\000\040\000g\000l\000o\000b\000a\000l\000d\000a\000t\000a\000:\000:\000r\000e\000f\000r\000e\000s\000h\000\137\000t\000e\000m\000p\000l\000a\000t\000e\000\040\000T\000y\000p\000e\000\040\000R\000e\000f\000e\000r\000e\000n\000c\000e}{chapter.21}% 220
\BOOKMARK [2][-]{subsection.21.5.1}{\376\377\0002\0001\000.\0005\000.\0001\000\040\000D\000e\000t\000a\000i\000l\000e\000d\000\040\000D\000e\000s\000c\000r\000i\000p\000t\000i\000o\000n}{section.21.5}% 221
\BOOKMARK [1][-]{section.21.6}{\376\377\0002\0001\000.\0006\000\040\000r\000p\000a\000t\000h\000:\000:\000r\000x\000p\000\040\000T\000y\000p\000e\000\040\000R\000e\000f\000e\000r\000e\000n\000c\000e}{chapter.21}% 222
\BOOKMARK [2][-]{subsection.21.6.1}{\376\377\0002\0001\000.\0006\000.\0001\000\040\000D\000e\000t\000a\000i\000l\000e\000d\000\040\000D\000e\000s\000c\000r\000i\000p\000t\000i\000o\000n}{section.21.6}% 223
\BOOKMARK [1][-]{section.21.7}{\376\377\0002\0001\000.\0007\000\040\000g\000l\000o\000b\000a\000l\000d\000a\000t\000a\000:\000:\000v\000t\000b\000a\000s\000h\000o\000p\000\040\000T\000y\000p\000e\000\040\000R\000e\000f\000e\000r\000e\000n\000c\000e}{chapter.21}% 224
\BOOKMARK [2][-]{subsection.21.7.1}{\376\377\0002\0001\000.\0007\000.\0001\000\040\000D\000e\000t\000a\000i\000l\000e\000d\000\040\000D\000e\000s\000c\000r\000i\000p\000t\000i\000o\000n}{section.21.7}% 225
