$hessian
12
                    0                  1                  2                  3                  4        
    0      1.0732738037E+00  -3.6528986760E-10  -1.8291834514E-09  -8.7368426733E-01  -4.9889368878E-10
    1     -3.6333707594E-10   5.8459057768E-01   4.2548622316E-11  -3.5081998710E-10  -1.0940462392E-01
    2     -1.8376092443E-09   4.3393857060E-11   1.7598130192E-01   2.4258033057E-09   9.5116377990E-13
    3     -8.7735858010E-01  -2.8784993156E-10   2.4546255264E-09   9.6057349631E-01   3.5070762575E-10
    4     -4.3737076572E-10  -1.0907206462E-01  -5.3535580982E-13   3.2960630195E-10   7.4665584064E-02
    5      1.5569360939E-09  -3.3185570514E-11  -5.8844493756E-02  -2.1302828599E-09   3.1902799956E-11
    6     -9.9860287456E-02  -8.2460982624E-02  -3.1950724292E-10  -4.1613073114E-02  -3.6582538225E-02
    7     -7.8319782209E-02  -2.3785069224E-01  -4.8855291270E-10  -1.8108124947E-02   1.7127965140E-02
    8     -5.2047382639E-10  -8.5796070945E-10  -5.8519919642E-02   1.9206622217E-10  -2.9961129054E-11
    9     -9.9860287574E-02   8.2460983333E-02  -3.2212377414E-10  -4.1613073410E-02   3.6582538304E-02
   10      7.8319783049E-02  -2.3785069349E-01   4.9582383832E-10   1.8108124867E-02   1.7127965157E-02
   11     -5.2038008197E-10   8.5026926584E-10  -5.8519919528E-02   1.8150520648E-10   2.7865771131E-11
                    5                  6                  7                  8                  9        
    0      1.5399029985E-09  -9.9791474885E-02  -7.8199131654E-02  -5.1731489876E-10  -9.9791475012E-02
    1     -3.3897675931E-11  -8.2280371384E-02  -2.3759213138E-01  -8.7757225663E-10   8.2280372104E-02
    2     -5.8988527799E-02  -3.1556008380E-10  -5.0476434129E-10  -5.8492657094E-02  -2.8162298586E-10
    3     -2.1468217360E-09  -4.1609606518E-02  -1.8088797744E-02   1.5230048159E-10  -4.1609606750E-02
    4      3.1148032525E-11  -3.6593113033E-02   1.7207532154E-02  -3.3948346924E-11   3.6593113130E-02
    5      1.9569810627E-02   2.7909495054E-10   2.0020546721E-10   1.9634020210E-02   3.0390821580E-10
    6      3.1554382981E-10   1.3180630848E-01   1.0774139707E-01   3.7584476559E-10   9.6659074073E-03
    7      2.0770148249E-10   1.0772741203E-01   2.3826367406E-01   7.1635041320E-10  -1.1296906785E-02
    8      1.9607075517E-02   3.7387497214E-10   7.1605761288E-10   1.9440713576E-02  -4.4700455403E-11
    9      3.0455590636E-10   9.6659074103E-03  -1.1298939013E-02  -4.6785963609E-11   1.3180630888E-01
   10     -1.9494771447E-10   1.1296906755E-02  -1.7546083603E-02   1.7304206250E-10  -1.0772741275E-01
   11      1.9607075632E-02  -5.1683070590E-11  -1.6981122546E-10   1.9471721830E-02   3.8974262624E-10
                   10                 11        
     0      7.8199132500E-02  -4.7892050002E-10
     1     -2.3759213278E-01   8.2165169309E-10
     2      4.6327001138E-10  -5.8492656983E-02
     3      1.8088797675E-02   1.8180588829E-10
     4      1.7207532127E-02   2.0104409682E-11
     5     -2.0084561769E-10   1.9634020319E-02
     6      1.1298938983E-02  -4.9911513940E-11
     7     -1.7546083598E-02  -1.6935679249E-10
     8      1.7325702062E-10   1.9471721826E-02
     9     -1.0774139781E-01   3.8672292102E-10
    10      2.3826367525E-01  -7.0925378887E-10
    11     -7.1037609770E-10   1.9440713344E-02
