
************************ CDE simulation ************************

- Start date:    14/07/2021
- Start time:    19:21:57

- The input filename is: input                                             

================================================================
                INPUT FILE INTERPRETATION FOLLOWS               
================================================================

- The input filename is: input                                             

# COMMENT: This input file demonstrates a CINEB refinement.                                                    
# COMMENT: We use the quickmin method here, and orca                                                           
# COMMENT: for PES calculations.                                                                               

- Number of images per path:    10
- Temperature (K):        10.000
- Calculation type:  PATH REFINEMENT
- Start-point structure file:  start.xyz                                         
- End-point structure file:  end.xyz                                           
- Starting path file:  restart.xyz                                       
- Random number seed:     5
- Initial path initialization type:  LINEAR
- Start from path?:  T
- IDPP interpolation :  T

# COMMENT: path optimization                                                                                   

- Path refinement method:  CLIMBING-IMAGE NUDGED ELASTIC BAND
- (CI)NEB optimization method:  QUICKMIN
- Maximum number of NEB iteractions:      50
- Make variable spring strengths with threshold?:  0.010000
- Climbing-image start criterion (au):      0.00100000
- NEB spring constant:        0.050000
- NEB NORM force-convergence criterion (au):      0.00200000
- NEB optimization step-size:       10.000000
- NEB output frequency:       1
- Strip inactive moleculaes before path optimization?:  F
- Optimize end-points before NEB run:  F
- Optimize end-points during NEB run:  F
- Use graph-restrain potential during NEB:  F
- Reconnect end-points after optimization:  F

# COMMENT: constraints                                                                                         
- Number of fixed DOFs:     0
- Number of fixed atoms:     0

# COMMENT: PES input                                                                                           
- PES evaluations for FULL system being used...
- PES type:  orca
- PES calculation template file:  orca.head
- PES type for geometry optimization:  orca
- Geometry optimisation template file:  orca.min
- PES calculation executable:  orca
- PES geometry optimization executable:  orca




================================================================
                 END OF INPUT FILE INTERPRETATION                   
================================================================

*************** Finished reading input parameters **************

* Starting path optimization...

- Initial path written to initial_path.xyz
* |Forces| < NEBconv :: IDPP NEB CONVERGED, Iter =     1
* Starting CINEB calculation...

- NEB force-convergence monitor:  input.nebconv
- NEB energy profile outputs:  input.nebprofile

- Calculating initial energy along path...BEFORE ENDPOINT OPTIMIZATION

# Lambda    |    Energy / Eh  | Relative energy / Eh
     0.00000000     0.00000000     0.00000000
     1.07606266     0.00000000     0.00000000
     2.15212468     0.00000000     0.00000000
     3.22818293     0.00000000     0.00000000
     4.30424055     0.00000000     0.00000000
     5.38029820     0.00000000     0.00000000
     6.45635635     0.00000000     0.00000000
     7.53241541     0.00000000     0.00000000
     8.60847270     0.00000000     0.00000000
     9.68453085     0.00000000     0.00000000

*** Initial force norms: 
* |Forces| WITHOUT springs   =      0.00000000 au 
* |Forces| WITH springs      =      0.00000002 au 
* Maximum force WITH springs =      0.00000009 au 

* Running QUICKMIN optimization...


*** Optimization progress summary at iteration:      1
* |Forces| WITHOUT springs =        0.00000000 au 
* |Forces| WITH springs =           0.00000002 au 
* Maximum force WITH springs =      0.00000009 au 

* |Forces| < CIthresh :: TURNING ON CLIMBING-IMAGE
* |Forces| < VSthresh :: TURNING ON VARIABLE SPRING

*** Current path output: ITERATION =     1 :: OUTPUT FILE = input_0001.xyz

* |Forces| < NEBconv :: CONVERGED
* Sum of displacements from initial path =     0.00000015 Angstrom

================================================================
                     CALCULATION COMPLETE                       
================================================================

